#
# A fatal error has been detected by the Java Runtime Environment:
#
#  EXCEPTION_ACCESS_VIOLATION (0xc0000005) at pc=0x00007ffdf0e653a9, pid=2832, tid=6852
#
# JRE version: Java(TM) SE Runtime Environment (13.0.2+8) (build 13.0.2+8)
# Java VM: Java HotSpot(TM) 64-Bit Server VM (13.0.2+8, mixed mode, sharing, tiered, compressed oops, g1 gc, windows-amd64)
# Problematic frame:
# V  [jvm.dll+0x2453a9]
#
# No core dump will be written. Minidumps are not enabled by default on client versions of Windows
#
# If you would like to submit a bug report, please visit:
#   http://bugreport.java.com/bugreport/crash.jsp
#

---------------  S U M M A R Y ------------

Command Line: -agentlib:jdwp=transport=dt_socket,suspend=y,address=localhost:53807 -javaagent:D:\eclipseNew\eclipse\configuration\org.eclipse.osgi\225\0\.cp\lib\javaagent-shaded.jar -Dfile.encoding=UTF-8 NSGA3.NSGA3planningAlgorithmExample

Host: Intel(R) Core(TM) i5-6200U CPU @ 2.30GHz, 4 cores, 7G,  Windows 10 , 64 bit Build 19041 (10.0.19041.1645)
Time: Sun May  1 11:06:19 2022 中国标准时间 elapsed time: 40747 seconds (0d 11h 19m 7s)

---------------  T H R E A D  ---------------

Current thread (0x0000025eeaef9000):  JavaThread "JDWP Transport Listener: dt_socket" daemon [_thread_in_vm, id=6852, stack(0x0000008371d00000,0x0000008371e00000)] _threads_hazard_ptr=0x0000025eeb36da20

Stack: [0x0000008371d00000,0x0000008371e00000],  sp=0x0000008371dfe8d8,  free space=1018k
Native frames: (J=compiled Java code, j=interpreted, Vv=VM code, C=native code)
V  [jvm.dll+0x2453a9]


siginfo: EXCEPTION_ACCESS_VIOLATION (0xc0000005), reading address 0x0000025eeab33430


Register to memory mapping:

RIP=0x00007ffdf0e653a9 jvm.dll
RAX=0x00000000001941a0 is an unknown value
RBX=0x0000025eea989588 is pointing into metadata
RCX=0x0000025eea99f290 is pointing into metadata
RDX=0x000000000000ca0c is an unknown value
RSP=0x0000008371dfe8d8 is pointing into the stack for thread: 0x0000025eeaef9000
RBP=0x0000008371dfee80 is pointing into the stack for thread: 0x0000025eeaef9000
RSI=0x0000008371dfeff0 is pointing into the stack for thread: 0x0000025eeaef9000
RDI=0x0000008371dfeff0 is pointing into the stack for thread: 0x0000025eeaef9000
R8 =0x0 is NULL
R9 =0x0000025eea989588 is pointing into metadata
R10=0x0 is NULL
R11=0x0000000047000000 is an unknown value
R12=0x0000025eeadef9f0 points into unknown readable memory: 00 94 cc 89 00 00 00 00
R13=0x0 is NULL
R14=0x0000025eea98a93a is pointing into metadata
R15=0x000000000000007b is an unknown value


Registers:
RAX=0x00000000001941a0, RBX=0x0000025eea989588, RCX=0x0000025eea99f290, RDX=0x000000000000ca0c
RSP=0x0000008371dfe8d8, RBP=0x0000008371dfee80, RSI=0x0000008371dfeff0, RDI=0x0000008371dfeff0
R8 =0x0000000000000000, R9 =0x0000025eea989588, R10=0x0000000000000000, R11=0x0000000047000000
R12=0x0000025eeadef9f0, R13=0x0000000000000000, R14=0x0000025eea98a93a, R15=0x000000000000007b
RIP=0x00007ffdf0e653a9, EFLAGS=0x0000000000010206

Top of Stack: (sp=0x0000008371dfe8d8)
0x0000008371dfe8d8:   00007ffdf0e6542e 0000008371dfe940
0x0000008371dfe8e8:   0000025eeadf15d4 0000000000000001
0x0000008371dfe8f8:   0000025eeadee6b0 0000000000000000
0x0000008371dfe908:   00007ffdf0f4fd40 0000000000000000
0x0000008371dfe918:   0000008371dfeff0 0000000000000000
0x0000008371dfe928:   0000025eea9c4ba8 0000000000000000
0x0000008371dfe938:   0000025eea9c4ba8 00007ffdf149ffa0
0x0000008371dfe948:   000000080040e428 0000000000000014
0x0000008371dfe958:   000000830000000c 0000008371dfe980
0x0000008371dfe968:   0000008300000002 0000000046000047
0x0000008371dfe978:   0000025e00000000 4fffffff4fffffff
0x0000008371dfe988:   0000025e2fffffff 0000000000000000
0x0000008371dfe998:   0000008300000000 0000000000000000
0x0000008371dfe9a8:   00007ffd00000000 0000000000000000
0x0000008371dfe9b8:   0000025e00000000 0000000000000000
0x0000008371dfe9c8:   00007ffdf121a833 0000025eeaef9000 

Instructions: (pc=0x00007ffdf0e653a9)
0x00007ffdf0e652a9:   03 03 03 03 03 03 03 03 03 03 03 03 03 03 03 03
0x00007ffdf0e652b9:   03 03 03 03 03 03 03 03 03 03 03 03 03 03 03 03
0x00007ffdf0e652c9:   03 03 03 03 03 03 03 03 03 03 03 03 03 03 03 03
0x00007ffdf0e652d9:   03 03 03 03 03 03 03 03 03 03 03 03 03 03 03 03
0x00007ffdf0e652e9:   03 03 02 03 03 02 cc 48 89 5c 24 08 48 89 74 24
0x00007ffdf0e652f9:   10 57 48 83 ec 20 48 63 da 41 0f b6 f0 48 8b f9
0x00007ffdf0e65309:   85 d2 79 24 4c 8d 0d 24 43 62 00 ba 97 02 00 00
0x00007ffdf0e65319:   4c 8d 05 50 43 62 00 48 8d 0d b9 42 62 00 e8 04
0x00007ffdf0e65329:   6b 00 00 e8 bf f7 3d 00 40 84 f6 75 18 48 8b 4f
0x00007ffdf0e65339:   10 48 85 c9 74 0f 48 8d 43 01 48 c1 e0 05 48 8b
0x00007ffdf0e65349:   04 08 0f b7 d8 48 8b 74 24 38 48 63 c3 48 8b 5c
0x00007ffdf0e65359:   24 30 0f b7 44 c7 40 48 83 c4 20 5f c3 cc cc cc
0x00007ffdf0e65369:   cc cc cc cc cc cc cc 4c 8b c9 45 84 c0 75 42 48
0x00007ffdf0e65379:   8b 49 10 48 85 c9 74 39 85 d2 79 1a f7 d2 48 63
0x00007ffdf0e65389:   c2 48 ff c0 48 c1 e0 05 48 8b 04 08 0f b7 c8 41
0x00007ffdf0e65399:   0f b7 44 c9 42 c3 48 63 c2 48 ff c0 48 c1 e0 05
0x00007ffdf0e653a9:   48 8b 04 08 0f b7 d0 48 63 c2 41 0f b7 44 c1 42
0x00007ffdf0e653b9:   c3 49 8b 41 08 4c 63 c2 42 0f b6 44 00 04 8d 48
0x00007ffdf0e653c9:   ef 80 f9 01 76 0e 3c 6a 74 0a 48 63 c2 41 0f b7
0x00007ffdf0e653d9:   44 c1 42 c3 43 0f b7 44 c1 42 c3 cc cc cc cc cc
0x00007ffdf0e653e9:   cc cc cc cc cc cc cc 40 53 48 83 ec 20 48 8b d9
0x00007ffdf0e653f9:   e8 72 ff ff ff 48 63 d0 0f b7 44 d3 40 48 8b 44
0x00007ffdf0e65409:   c3 40 48 83 c4 20 5b c3 cc cc cc cc cc cc cc cc
0x00007ffdf0e65419:   cc cc cc cc cc cc cc 40 53 48 83 ec 20 48 8b d9
0x00007ffdf0e65429:   e8 42 ff ff ff 48 63 d0 0f b7 44 d3 42 48 8b 44
0x00007ffdf0e65439:   c3 40 48 83 c4 20 5b c3 cc cc cc cc cc cc cc cc
0x00007ffdf0e65449:   cc cc cc cc cc cc cc 4c 8b d1 45 84 c9 75 23 4c
0x00007ffdf0e65459:   8b 49 10 4d 85 c9 74 1a 45 85 c0 79 03 41 f7 d0
0x00007ffdf0e65469:   49 63 c0 48 ff c0 48 c1 e0 05 4a 8b 04 08 44 0f
0x00007ffdf0e65479:   b7 c0 49 8b 42 08 49 63 c8 0f b6 4c 08 04 48 8b
0x00007ffdf0e65489:   c2 88 0a c3 cc cc cc 40 56 57 41 54 41 56 41 57
0x00007ffdf0e65499:   48 83 ec 20 45 8b 30 49 8b f0 49 63 f9 4c 8b e2 


Stack slot to memory mapping:
stack at sp + 0 slots: 0x00007ffdf0e6542e jvm.dll
stack at sp + 1 slots: 0x0000008371dfe940 is pointing into the stack for thread: 0x0000025eeaef9000
stack at sp + 2 slots: 0x0000025eeadf15d4 points into unknown readable memory: 00 04 00 b0
stack at sp + 3 slots: 0x0000000000000001 is an unknown value
stack at sp + 4 slots: 0x0000025eeadee6b0 points into unknown readable memory: 00 00 00 00 00 00 00 00
stack at sp + 5 slots: 0x0 is NULL
stack at sp + 6 slots: 0x00007ffdf0f4fd40 jvm.dll
stack at sp + 7 slots: 0x0 is NULL


---------------  P R O C E S S  ---------------

Threads class SMR info:
_java_thread_list=0x0000025eeb36da20, length=13, elements={
0x0000025ecb4f0800, 0x0000025eea503000, 0x0000025eea508000, 0x0000025eea521000,
0x0000025eea522800, 0x0000025eea524000, 0x0000025eea52d000, 0x0000025eea537800,
0x0000025eeae52000, 0x0000025eeaef9000, 0x0000025eeaefe800, 0x0000025eeaeff800,
0x0000025eeae58800
}

Java Threads: ( => current thread )
  0x0000025ecb4f0800 JavaThread "main" [_thread_blocked, id=932, stack(0x0000008370e00000,0x0000008370f00000)]
  0x0000025eea503000 JavaThread "Reference Handler" daemon [_thread_blocked, id=6044, stack(0x0000008371500000,0x0000008371600000)]
  0x0000025eea508000 JavaThread "Finalizer" daemon [_thread_blocked, id=9784, stack(0x0000008371600000,0x0000008371700000)]
  0x0000025eea521000 JavaThread "Signal Dispatcher" daemon [_thread_blocked, id=15440, stack(0x0000008371700000,0x0000008371800000)]
  0x0000025eea522800 JavaThread "Attach Listener" daemon [_thread_blocked, id=11248, stack(0x0000008371800000,0x0000008371900000)]
  0x0000025eea524000 JavaThread "C2 CompilerThread0" daemon [_thread_blocked, id=6688, stack(0x0000008371900000,0x0000008371a00000)]
  0x0000025eea52d000 JavaThread "C1 CompilerThread0" daemon [_thread_blocked, id=7128, stack(0x0000008371a00000,0x0000008371b00000)]
  0x0000025eea537800 JavaThread "Sweeper thread" daemon [_thread_blocked, id=2920, stack(0x0000008371b00000,0x0000008371c00000)]
  0x0000025eeae52000 JavaThread "Common-Cleaner" daemon [_thread_blocked, id=15264, stack(0x0000008371c00000,0x0000008371d00000)]
=>0x0000025eeaef9000 JavaThread "JDWP Transport Listener: dt_socket" daemon [_thread_in_vm, id=6852, stack(0x0000008371d00000,0x0000008371e00000)]
  0x0000025eeaefe800 JavaThread "JDWP Event Helper Thread" daemon [_thread_blocked, id=9016, stack(0x0000008371e00000,0x0000008371f00000)]
  0x0000025eeaeff800 JavaThread "JDWP Command Reader" daemon [_thread_in_native, id=1276, stack(0x0000008371f00000,0x0000008372000000)]
  0x0000025eeae58800 JavaThread "Service Thread" daemon [_thread_blocked, id=12056, stack(0x0000008372100000,0x0000008372200000)]

Other Threads:
  0x0000025eea4fe800 VMThread "VM Thread" [stack: 0x0000008371400000,0x0000008371500000] [id=4268]
  0x0000025eeb331800 WatcherThread [stack: 0x0000008372200000,0x0000008372300000] [id=1892]
  0x0000025ecb531000 GCTaskThread "GC Thread#0" [stack: 0x0000008370f00000,0x0000008371000000] [id=1576]
  0x0000025ecb544000 ConcurrentGCThread "G1 Main Marker" [stack: 0x0000008371000000,0x0000008371100000] [id=14440]
  0x0000025ecb546000 ConcurrentGCThread "G1 Conc#0" [stack: 0x0000008371100000,0x0000008371200000] [id=8716]
  0x0000025eea379800 ConcurrentGCThread "G1 Refine#0" [stack: 0x0000008371200000,0x0000008371300000] [id=12672]
  0x0000025eea37d800 ConcurrentGCThread "G1 Young RemSet Sampling" [stack: 0x0000008371300000,0x0000008371400000] [id=6172]

Threads with active compile tasks:

VM state:not at safepoint (normal execution)

VM Mutex/Monitor currently owned by a thread: None

Heap address: 0x0000000081e00000, size: 2018 MB, Compressed Oops mode: 32-bit
Narrow klass base: 0x0000000800000000, Narrow klass shift: 3
Compressed class space size: 1073741824 Address: 0x0000000800b40000

Heap:
 garbage-first heap   total 131072K, used 9216K [0x0000000081e00000, 0x0000000100000000)
  region size 1024K, 11 young (11264K), 0 survivors (0K)
 Metaspace       used 3127K, capacity 5101K, committed 5376K, reserved 1056768K
  class space    used 271K, capacity 443K, committed 512K, reserved 1048576K
Heap Regions: E=young(eden), S=young(survivor), O=old, HS=humongous(starts), HC=humongous(continues), CS=collection set, F=free, A=archive, TAMS=top-at-mark-start (previous, next)
|   0|0x0000000081e00000, 0x0000000081e00000, 0x0000000081f00000|  0%| F|  |TAMS 0x0000000081e00000, 0x0000000081e00000| Untracked 
|   1|0x0000000081f00000, 0x0000000081f00000, 0x0000000082000000|  0%| F|  |TAMS 0x0000000081f00000, 0x0000000081f00000| Untracked 
|   2|0x0000000082000000, 0x0000000082000000, 0x0000000082100000|  0%| F|  |TAMS 0x0000000082000000, 0x0000000082000000| Untracked 
|   3|0x0000000082100000, 0x0000000082100000, 0x0000000082200000|  0%| F|  |TAMS 0x0000000082100000, 0x0000000082100000| Untracked 
|   4|0x0000000082200000, 0x0000000082200000, 0x0000000082300000|  0%| F|  |TAMS 0x0000000082200000, 0x0000000082200000| Untracked 
|   5|0x0000000082300000, 0x0000000082300000, 0x0000000082400000|  0%| F|  |TAMS 0x0000000082300000, 0x0000000082300000| Untracked 
|   6|0x0000000082400000, 0x0000000082400000, 0x0000000082500000|  0%| F|  |TAMS 0x0000000082400000, 0x0000000082400000| Untracked 
|   7|0x0000000082500000, 0x0000000082500000, 0x0000000082600000|  0%| F|  |TAMS 0x0000000082500000, 0x0000000082500000| Untracked 
|   8|0x0000000082600000, 0x0000000082600000, 0x0000000082700000|  0%| F|  |TAMS 0x0000000082600000, 0x0000000082600000| Untracked 
|   9|0x0000000082700000, 0x0000000082700000, 0x0000000082800000|  0%| F|  |TAMS 0x0000000082700000, 0x0000000082700000| Untracked 
|  10|0x0000000082800000, 0x0000000082800000, 0x0000000082900000|  0%| F|  |TAMS 0x0000000082800000, 0x0000000082800000| Untracked 
|  11|0x0000000082900000, 0x0000000082900000, 0x0000000082a00000|  0%| F|  |TAMS 0x0000000082900000, 0x0000000082900000| Untracked 
|  12|0x0000000082a00000, 0x0000000082a00000, 0x0000000082b00000|  0%| F|  |TAMS 0x0000000082a00000, 0x0000000082a00000| Untracked 
|  13|0x0000000082b00000, 0x0000000082b00000, 0x0000000082c00000|  0%| F|  |TAMS 0x0000000082b00000, 0x0000000082b00000| Untracked 
|  14|0x0000000082c00000, 0x0000000082c00000, 0x0000000082d00000|  0%| F|  |TAMS 0x0000000082c00000, 0x0000000082c00000| Untracked 
|  15|0x0000000082d00000, 0x0000000082d00000, 0x0000000082e00000|  0%| F|  |TAMS 0x0000000082d00000, 0x0000000082d00000| Untracked 
|  16|0x0000000082e00000, 0x0000000082e00000, 0x0000000082f00000|  0%| F|  |TAMS 0x0000000082e00000, 0x0000000082e00000| Untracked 
|  17|0x0000000082f00000, 0x0000000082f00000, 0x0000000083000000|  0%| F|  |TAMS 0x0000000082f00000, 0x0000000082f00000| Untracked 
|  18|0x0000000083000000, 0x0000000083000000, 0x0000000083100000|  0%| F|  |TAMS 0x0000000083000000, 0x0000000083000000| Untracked 
|  19|0x0000000083100000, 0x0000000083100000, 0x0000000083200000|  0%| F|  |TAMS 0x0000000083100000, 0x0000000083100000| Untracked 
|  20|0x0000000083200000, 0x0000000083200000, 0x0000000083300000|  0%| F|  |TAMS 0x0000000083200000, 0x0000000083200000| Untracked 
|  21|0x0000000083300000, 0x0000000083300000, 0x0000000083400000|  0%| F|  |TAMS 0x0000000083300000, 0x0000000083300000| Untracked 
|  22|0x0000000083400000, 0x0000000083400000, 0x0000000083500000|  0%| F|  |TAMS 0x0000000083400000, 0x0000000083400000| Untracked 
|  23|0x0000000083500000, 0x0000000083500000, 0x0000000083600000|  0%| F|  |TAMS 0x0000000083500000, 0x0000000083500000| Untracked 
|  24|0x0000000083600000, 0x0000000083600000, 0x0000000083700000|  0%| F|  |TAMS 0x0000000083600000, 0x0000000083600000| Untracked 
|  25|0x0000000083700000, 0x0000000083700000, 0x0000000083800000|  0%| F|  |TAMS 0x0000000083700000, 0x0000000083700000| Untracked 
|  26|0x0000000083800000, 0x0000000083800000, 0x0000000083900000|  0%| F|  |TAMS 0x0000000083800000, 0x0000000083800000| Untracked 
|  27|0x0000000083900000, 0x0000000083900000, 0x0000000083a00000|  0%| F|  |TAMS 0x0000000083900000, 0x0000000083900000| Untracked 
|  28|0x0000000083a00000, 0x0000000083a00000, 0x0000000083b00000|  0%| F|  |TAMS 0x0000000083a00000, 0x0000000083a00000| Untracked 
|  29|0x0000000083b00000, 0x0000000083b00000, 0x0000000083c00000|  0%| F|  |TAMS 0x0000000083b00000, 0x0000000083b00000| Untracked 
|  30|0x0000000083c00000, 0x0000000083c00000, 0x0000000083d00000|  0%| F|  |TAMS 0x0000000083c00000, 0x0000000083c00000| Untracked 
|  31|0x0000000083d00000, 0x0000000083d00000, 0x0000000083e00000|  0%| F|  |TAMS 0x0000000083d00000, 0x0000000083d00000| Untracked 
|  32|0x0000000083e00000, 0x0000000083e00000, 0x0000000083f00000|  0%| F|  |TAMS 0x0000000083e00000, 0x0000000083e00000| Untracked 
|  33|0x0000000083f00000, 0x0000000083f00000, 0x0000000084000000|  0%| F|  |TAMS 0x0000000083f00000, 0x0000000083f00000| Untracked 
|  34|0x0000000084000000, 0x0000000084000000, 0x0000000084100000|  0%| F|  |TAMS 0x0000000084000000, 0x0000000084000000| Untracked 
|  35|0x0000000084100000, 0x0000000084100000, 0x0000000084200000|  0%| F|  |TAMS 0x0000000084100000, 0x0000000084100000| Untracked 
|  36|0x0000000084200000, 0x0000000084200000, 0x0000000084300000|  0%| F|  |TAMS 0x0000000084200000, 0x0000000084200000| Untracked 
|  37|0x0000000084300000, 0x0000000084300000, 0x0000000084400000|  0%| F|  |TAMS 0x0000000084300000, 0x0000000084300000| Untracked 
|  38|0x0000000084400000, 0x0000000084400000, 0x0000000084500000|  0%| F|  |TAMS 0x0000000084400000, 0x0000000084400000| Untracked 
|  39|0x0000000084500000, 0x0000000084500000, 0x0000000084600000|  0%| F|  |TAMS 0x0000000084500000, 0x0000000084500000| Untracked 
|  40|0x0000000084600000, 0x0000000084600000, 0x0000000084700000|  0%| F|  |TAMS 0x0000000084600000, 0x0000000084600000| Untracked 
|  41|0x0000000084700000, 0x0000000084700000, 0x0000000084800000|  0%| F|  |TAMS 0x0000000084700000, 0x0000000084700000| Untracked 
|  42|0x0000000084800000, 0x0000000084800000, 0x0000000084900000|  0%| F|  |TAMS 0x0000000084800000, 0x0000000084800000| Untracked 
|  43|0x0000000084900000, 0x0000000084900000, 0x0000000084a00000|  0%| F|  |TAMS 0x0000000084900000, 0x0000000084900000| Untracked 
|  44|0x0000000084a00000, 0x0000000084a00000, 0x0000000084b00000|  0%| F|  |TAMS 0x0000000084a00000, 0x0000000084a00000| Untracked 
|  45|0x0000000084b00000, 0x0000000084b00000, 0x0000000084c00000|  0%| F|  |TAMS 0x0000000084b00000, 0x0000000084b00000| Untracked 
|  46|0x0000000084c00000, 0x0000000084c00000, 0x0000000084d00000|  0%| F|  |TAMS 0x0000000084c00000, 0x0000000084c00000| Untracked 
|  47|0x0000000084d00000, 0x0000000084d00000, 0x0000000084e00000|  0%| F|  |TAMS 0x0000000084d00000, 0x0000000084d00000| Untracked 
|  48|0x0000000084e00000, 0x0000000084e00000, 0x0000000084f00000|  0%| F|  |TAMS 0x0000000084e00000, 0x0000000084e00000| Untracked 
|  49|0x0000000084f00000, 0x0000000084f00000, 0x0000000085000000|  0%| F|  |TAMS 0x0000000084f00000, 0x0000000084f00000| Untracked 
|  50|0x0000000085000000, 0x0000000085000000, 0x0000000085100000|  0%| F|  |TAMS 0x0000000085000000, 0x0000000085000000| Untracked 
|  51|0x0000000085100000, 0x0000000085100000, 0x0000000085200000|  0%| F|  |TAMS 0x0000000085100000, 0x0000000085100000| Untracked 
|  52|0x0000000085200000, 0x0000000085200000, 0x0000000085300000|  0%| F|  |TAMS 0x0000000085200000, 0x0000000085200000| Untracked 
|  53|0x0000000085300000, 0x0000000085300000, 0x0000000085400000|  0%| F|  |TAMS 0x0000000085300000, 0x0000000085300000| Untracked 
|  54|0x0000000085400000, 0x0000000085400000, 0x0000000085500000|  0%| F|  |TAMS 0x0000000085400000, 0x0000000085400000| Untracked 
|  55|0x0000000085500000, 0x0000000085500000, 0x0000000085600000|  0%| F|  |TAMS 0x0000000085500000, 0x0000000085500000| Untracked 
|  56|0x0000000085600000, 0x0000000085600000, 0x0000000085700000|  0%| F|  |TAMS 0x0000000085600000, 0x0000000085600000| Untracked 
|  57|0x0000000085700000, 0x0000000085700000, 0x0000000085800000|  0%| F|  |TAMS 0x0000000085700000, 0x0000000085700000| Untracked 
|  58|0x0000000085800000, 0x0000000085800000, 0x0000000085900000|  0%| F|  |TAMS 0x0000000085800000, 0x0000000085800000| Untracked 
|  59|0x0000000085900000, 0x0000000085900000, 0x0000000085a00000|  0%| F|  |TAMS 0x0000000085900000, 0x0000000085900000| Untracked 
|  60|0x0000000085a00000, 0x0000000085a00000, 0x0000000085b00000|  0%| F|  |TAMS 0x0000000085a00000, 0x0000000085a00000| Untracked 
|  61|0x0000000085b00000, 0x0000000085b00000, 0x0000000085c00000|  0%| F|  |TAMS 0x0000000085b00000, 0x0000000085b00000| Untracked 
|  62|0x0000000085c00000, 0x0000000085c00000, 0x0000000085d00000|  0%| F|  |TAMS 0x0000000085c00000, 0x0000000085c00000| Untracked 
|  63|0x0000000085d00000, 0x0000000085d00000, 0x0000000085e00000|  0%| F|  |TAMS 0x0000000085d00000, 0x0000000085d00000| Untracked 
|  64|0x0000000085e00000, 0x0000000085e00000, 0x0000000085f00000|  0%| F|  |TAMS 0x0000000085e00000, 0x0000000085e00000| Untracked 
|  65|0x0000000085f00000, 0x0000000085f00000, 0x0000000086000000|  0%| F|  |TAMS 0x0000000085f00000, 0x0000000085f00000| Untracked 
|  66|0x0000000086000000, 0x0000000086000000, 0x0000000086100000|  0%| F|  |TAMS 0x0000000086000000, 0x0000000086000000| Untracked 
|  67|0x0000000086100000, 0x0000000086100000, 0x0000000086200000|  0%| F|  |TAMS 0x0000000086100000, 0x0000000086100000| Untracked 
|  68|0x0000000086200000, 0x0000000086200000, 0x0000000086300000|  0%| F|  |TAMS 0x0000000086200000, 0x0000000086200000| Untracked 
|  69|0x0000000086300000, 0x0000000086300000, 0x0000000086400000|  0%| F|  |TAMS 0x0000000086300000, 0x0000000086300000| Untracked 
|  70|0x0000000086400000, 0x0000000086400000, 0x0000000086500000|  0%| F|  |TAMS 0x0000000086400000, 0x0000000086400000| Untracked 
|  71|0x0000000086500000, 0x0000000086500000, 0x0000000086600000|  0%| F|  |TAMS 0x0000000086500000, 0x0000000086500000| Untracked 
|  72|0x0000000086600000, 0x0000000086600000, 0x0000000086700000|  0%| F|  |TAMS 0x0000000086600000, 0x0000000086600000| Untracked 
|  73|0x0000000086700000, 0x0000000086700000, 0x0000000086800000|  0%| F|  |TAMS 0x0000000086700000, 0x0000000086700000| Untracked 
|  74|0x0000000086800000, 0x0000000086800000, 0x0000000086900000|  0%| F|  |TAMS 0x0000000086800000, 0x0000000086800000| Untracked 
|  75|0x0000000086900000, 0x0000000086900000, 0x0000000086a00000|  0%| F|  |TAMS 0x0000000086900000, 0x0000000086900000| Untracked 
|  76|0x0000000086a00000, 0x0000000086a00000, 0x0000000086b00000|  0%| F|  |TAMS 0x0000000086a00000, 0x0000000086a00000| Untracked 
|  77|0x0000000086b00000, 0x0000000086b00000, 0x0000000086c00000|  0%| F|  |TAMS 0x0000000086b00000, 0x0000000086b00000| Untracked 
|  78|0x0000000086c00000, 0x0000000086c00000, 0x0000000086d00000|  0%| F|  |TAMS 0x0000000086c00000, 0x0000000086c00000| Untracked 
|  79|0x0000000086d00000, 0x0000000086d00000, 0x0000000086e00000|  0%| F|  |TAMS 0x0000000086d00000, 0x0000000086d00000| Untracked 
|  80|0x0000000086e00000, 0x0000000086e00000, 0x0000000086f00000|  0%| F|  |TAMS 0x0000000086e00000, 0x0000000086e00000| Untracked 
|  81|0x0000000086f00000, 0x0000000086f00000, 0x0000000087000000|  0%| F|  |TAMS 0x0000000086f00000, 0x0000000086f00000| Untracked 
|  82|0x0000000087000000, 0x0000000087000000, 0x0000000087100000|  0%| F|  |TAMS 0x0000000087000000, 0x0000000087000000| Untracked 
|  83|0x0000000087100000, 0x0000000087100000, 0x0000000087200000|  0%| F|  |TAMS 0x0000000087100000, 0x0000000087100000| Untracked 
|  84|0x0000000087200000, 0x0000000087200000, 0x0000000087300000|  0%| F|  |TAMS 0x0000000087200000, 0x0000000087200000| Untracked 
|  85|0x0000000087300000, 0x0000000087300000, 0x0000000087400000|  0%| F|  |TAMS 0x0000000087300000, 0x0000000087300000| Untracked 
|  86|0x0000000087400000, 0x0000000087400000, 0x0000000087500000|  0%| F|  |TAMS 0x0000000087400000, 0x0000000087400000| Untracked 
|  87|0x0000000087500000, 0x0000000087500000, 0x0000000087600000|  0%| F|  |TAMS 0x0000000087500000, 0x0000000087500000| Untracked 
|  88|0x0000000087600000, 0x0000000087600000, 0x0000000087700000|  0%| F|  |TAMS 0x0000000087600000, 0x0000000087600000| Untracked 
|  89|0x0000000087700000, 0x0000000087700000, 0x0000000087800000|  0%| F|  |TAMS 0x0000000087700000, 0x0000000087700000| Untracked 
|  90|0x0000000087800000, 0x0000000087800000, 0x0000000087900000|  0%| F|  |TAMS 0x0000000087800000, 0x0000000087800000| Untracked 
|  91|0x0000000087900000, 0x0000000087900000, 0x0000000087a00000|  0%| F|  |TAMS 0x0000000087900000, 0x0000000087900000| Untracked 
|  92|0x0000000087a00000, 0x0000000087a00000, 0x0000000087b00000|  0%| F|  |TAMS 0x0000000087a00000, 0x0000000087a00000| Untracked 
|  93|0x0000000087b00000, 0x0000000087b00000, 0x0000000087c00000|  0%| F|  |TAMS 0x0000000087b00000, 0x0000000087b00000| Untracked 
|  94|0x0000000087c00000, 0x0000000087c00000, 0x0000000087d00000|  0%| F|  |TAMS 0x0000000087c00000, 0x0000000087c00000| Untracked 
|  95|0x0000000087d00000, 0x0000000087d00000, 0x0000000087e00000|  0%| F|  |TAMS 0x0000000087d00000, 0x0000000087d00000| Untracked 
|  96|0x0000000087e00000, 0x0000000087e00000, 0x0000000087f00000|  0%| F|  |TAMS 0x0000000087e00000, 0x0000000087e00000| Untracked 
|  97|0x0000000087f00000, 0x0000000087f00000, 0x0000000088000000|  0%| F|  |TAMS 0x0000000087f00000, 0x0000000087f00000| Untracked 
|  98|0x0000000088000000, 0x0000000088000000, 0x0000000088100000|  0%| F|  |TAMS 0x0000000088000000, 0x0000000088000000| Untracked 
|  99|0x0000000088100000, 0x0000000088100000, 0x0000000088200000|  0%| F|  |TAMS 0x0000000088100000, 0x0000000088100000| Untracked 
| 100|0x0000000088200000, 0x0000000088200000, 0x0000000088300000|  0%| F|  |TAMS 0x0000000088200000, 0x0000000088200000| Untracked 
| 101|0x0000000088300000, 0x0000000088300000, 0x0000000088400000|  0%| F|  |TAMS 0x0000000088300000, 0x0000000088300000| Untracked 
| 102|0x0000000088400000, 0x0000000088400000, 0x0000000088500000|  0%| F|  |TAMS 0x0000000088400000, 0x0000000088400000| Untracked 
| 103|0x0000000088500000, 0x0000000088500000, 0x0000000088600000|  0%| F|  |TAMS 0x0000000088500000, 0x0000000088500000| Untracked 
| 104|0x0000000088600000, 0x0000000088600000, 0x0000000088700000|  0%| F|  |TAMS 0x0000000088600000, 0x0000000088600000| Untracked 
| 105|0x0000000088700000, 0x0000000088700000, 0x0000000088800000|  0%| F|  |TAMS 0x0000000088700000, 0x0000000088700000| Untracked 
| 106|0x0000000088800000, 0x0000000088800000, 0x0000000088900000|  0%| F|  |TAMS 0x0000000088800000, 0x0000000088800000| Untracked 
| 107|0x0000000088900000, 0x0000000088900000, 0x0000000088a00000|  0%| F|  |TAMS 0x0000000088900000, 0x0000000088900000| Untracked 
| 108|0x0000000088a00000, 0x0000000088a00000, 0x0000000088b00000|  0%| F|  |TAMS 0x0000000088a00000, 0x0000000088a00000| Untracked 
| 109|0x0000000088b00000, 0x0000000088b00000, 0x0000000088c00000|  0%| F|  |TAMS 0x0000000088b00000, 0x0000000088b00000| Untracked 
| 110|0x0000000088c00000, 0x0000000088c00000, 0x0000000088d00000|  0%| F|  |TAMS 0x0000000088c00000, 0x0000000088c00000| Untracked 
| 111|0x0000000088d00000, 0x0000000088d00000, 0x0000000088e00000|  0%| F|  |TAMS 0x0000000088d00000, 0x0000000088d00000| Untracked 
| 112|0x0000000088e00000, 0x0000000088e00000, 0x0000000088f00000|  0%| F|  |TAMS 0x0000000088e00000, 0x0000000088e00000| Untracked 
| 113|0x0000000088f00000, 0x0000000088f00000, 0x0000000089000000|  0%| F|  |TAMS 0x0000000088f00000, 0x0000000088f00000| Untracked 
| 114|0x0000000089000000, 0x0000000089000000, 0x0000000089100000|  0%| F|  |TAMS 0x0000000089000000, 0x0000000089000000| Untracked 
| 115|0x0000000089100000, 0x0000000089100000, 0x0000000089200000|  0%| F|  |TAMS 0x0000000089100000, 0x0000000089100000| Untracked 
| 116|0x0000000089200000, 0x0000000089200000, 0x0000000089300000|  0%| F|  |TAMS 0x0000000089200000, 0x0000000089200000| Untracked 
| 117|0x0000000089300000, 0x000000008938fe10, 0x0000000089400000| 56%| E|  |TAMS 0x0000000089300000, 0x0000000089300000| Complete 
| 118|0x0000000089400000, 0x0000000089500000, 0x0000000089500000|100%| E|CS|TAMS 0x0000000089400000, 0x0000000089400000| Complete 
| 119|0x0000000089500000, 0x0000000089600000, 0x0000000089600000|100%| E|CS|TAMS 0x0000000089500000, 0x0000000089500000| Complete 
| 120|0x0000000089600000, 0x0000000089700000, 0x0000000089700000|100%| E|CS|TAMS 0x0000000089600000, 0x0000000089600000| Complete 
| 121|0x0000000089700000, 0x0000000089800000, 0x0000000089800000|100%| E|CS|TAMS 0x0000000089700000, 0x0000000089700000| Complete 
| 122|0x0000000089800000, 0x0000000089900000, 0x0000000089900000|100%| E|CS|TAMS 0x0000000089800000, 0x0000000089800000| Complete 
| 123|0x0000000089900000, 0x0000000089a00000, 0x0000000089a00000|100%| E|CS|TAMS 0x0000000089900000, 0x0000000089900000| Complete 
| 124|0x0000000089a00000, 0x0000000089b00000, 0x0000000089b00000|100%| E|  |TAMS 0x0000000089a00000, 0x0000000089a00000| Complete 
| 125|0x0000000089b00000, 0x0000000089c00000, 0x0000000089c00000|100%| E|CS|TAMS 0x0000000089b00000, 0x0000000089b00000| Complete 
| 126|0x0000000089c00000, 0x0000000089d00000, 0x0000000089d00000|100%| E|CS|TAMS 0x0000000089c00000, 0x0000000089c00000| Complete 
| 127|0x0000000089d00000, 0x0000000089e00000, 0x0000000089e00000|100%| E|CS|TAMS 0x0000000089d00000, 0x0000000089d00000| Complete 

Card table byte_map: [0x0000025ee37e0000,0x0000025ee3be0000] _byte_map_base: 0x0000025ee33d1000

Marking Bits (Prev, Next): (CMBitMap*) 0x0000025ecb532e58, (CMBitMap*) 0x0000025ecb532e98
 Prev Bits: [0x0000025ee3fe0000, 0x0000025ee5f68000)
 Next Bits: [0x0000025ee5f70000, 0x0000025ee7ef8000)

Polling page: 0x0000025ec9ba0000

Metaspace:

Usage:
  Non-class:      4.55 MB capacity,     2.79 MB ( 61%) used,     1.76 MB ( 39%) free+waste,     2.94 KB ( <1%) overhead. 
      Class:    443.00 KB capacity,   271.84 KB ( 61%) used,   169.59 KB ( 38%) free+waste,     1.56 KB ( <1%) overhead. 
       Both:      4.98 MB capacity,     3.05 MB ( 61%) used,     1.92 MB ( 39%) free+waste,     4.50 KB ( <1%) overhead. 

Virtual space:
  Non-class space:        8.00 MB reserved,       4.75 MB ( 59%) committed 
      Class space:        1.00 GB reserved,     512.00 KB ( <1%) committed 
             Both:        1.01 GB reserved,       5.25 MB ( <1%) committed 

Chunk freelists:
   Non-Class:  14.00 KB
       Class:  5.00 KB
        Both:  19.00 KB

MaxMetaspaceSize: 17179869184.00 GB
CompressedClassSpaceSize: 1.00 GB

CodeHeap 'non-profiled nmethods': size=120000Kb used=201Kb max_used=211Kb free=119798Kb
 bounds [0x0000025edb890000, 0x0000025edbb00000, 0x0000025ee2dc0000]
CodeHeap 'profiled nmethods': size=120000Kb used=875Kb max_used=883Kb free=119124Kb
 bounds [0x0000025ed4360000, 0x0000025ed45d0000, 0x0000025edb890000]
CodeHeap 'non-nmethods': size=5760Kb used=1211Kb max_used=1234Kb free=4548Kb
 bounds [0x0000025ed3dc0000, 0x0000025ed4030000, 0x0000025ed4360000]
 total_blobs=1397 nmethods=509 adapters=281
 compilation: enabled
              stopped_count=0, restarted_count=0
 full_count=0

Compilation events (20 events):
Event: 38208.692 Thread 0x0000025eea524000  570       4       org.eclipse.jdt.launching.internal.org.objectweb.asm.ClassReader::readUTF8 (23 bytes)
Event: 38208.694 Thread 0x0000025eea524000 nmethod 570 0x0000025edb8c3810 code [0x0000025edb8c39a0, 0x0000025edb8c3b88]
Event: 38226.618 Thread 0x0000025eea524000  571       4       org.eclipse.jdt.launching.internal.org.objectweb.asm.Symbol::<init> (38 bytes)
Event: 38226.625 Thread 0x0000025eea524000 nmethod 571 0x0000025edb8c3d10 code [0x0000025edb8c3ea0, 0x0000025edb8c4198]
Event: 39029.266 Thread 0x0000025eea52d000  573       3       java.lang.ref.ReferenceQueue::reallyPoll (65 bytes)
Event: 39029.267 Thread 0x0000025eea52d000 nmethod 573 0x0000025ed443be90 code [0x0000025ed443c060, 0x0000025ed443c5f8]
Event: 39046.409 Thread 0x0000025eea52d000  574       3       org.eclipse.jdt.launching.internal.org.objectweb.asm.ByteVector::<init> (13 bytes)
Event: 39046.410 Thread 0x0000025eea52d000 nmethod 574 0x0000025ed443c710 code [0x0000025ed443c8c0, 0x0000025ed443cb98]
Event: 40331.290 Thread 0x0000025eea524000  575       4       org.eclipse.jdt.launching.internal.org.objectweb.asm.SymbolTable::add (39 bytes)
Event: 40331.297 Thread 0x0000025eea524000 nmethod 575 0x0000025edb8c4690 code [0x0000025edb8c4820, 0x0000025edb8c4bb8]
Event: 40453.965 Thread 0x0000025eea52d000  576       3       java.net.URLStreamHandler::parseURL (1201 bytes)
Event: 40453.987 Thread 0x0000025eea52d000 nmethod 576 0x0000025ed443cc90 code [0x0000025ed443dfa0, 0x0000025ed4449b10]
Event: 40453.987 Thread 0x0000025eea52d000  577       3       sun.net.www.protocol.file.Handler::parseURL (18 bytes)
Event: 40453.988 Thread 0x0000025eea52d000 nmethod 577 0x0000025ed4380a90 code [0x0000025ed4380c40, 0x0000025ed4380e60]
Event: 40481.986 Thread 0x0000025eea52d000  578       3       org.eclipse.jdt.launching.internal.org.objectweb.asm.ClassReader::readMethod (1066 bytes)
Event: 40481.997 Thread 0x0000025eea52d000 nmethod 578 0x0000025ed444e590 code [0x0000025ed444ed20, 0x0000025ed44541c0]
Event: 40481.997 Thread 0x0000025eea52d000  579       3       org.eclipse.jdt.launching.internal.org.objectweb.asm.ClassVisitor::visitMethod (24 bytes)
Event: 40481.998 Thread 0x0000025eea52d000 nmethod 579 0x0000025ed43c0e10 code [0x0000025ed43c0fc0, 0x0000025ed43c12b0]
Event: 40481.998 Thread 0x0000025eea52d000  580       3       org.eclipse.jdt.launching.internal.org.objectweb.asm.ClassWriter::visitMethod (57 bytes)
Event: 40481.998 Thread 0x0000025eea52d000 nmethod 580 0x0000025ed4363910 code [0x0000025ed4363ae0, 0x0000025ed4363f10]

GC Heap History (0 events):
No events

Deoptimization events (20 events):
Event: 0.696 Thread 0x0000025ecb4f0800 DEOPT PACKING pc=0x0000025ed43f9aa1 sp=0x0000008370efb860
Event: 0.696 Thread 0x0000025ecb4f0800 DEOPT UNPACKING pc=0x0000025ed3e0964e sp=0x0000008370efad28 mode 0
Event: 0.701 Thread 0x0000025ecb4f0800 DEOPT PACKING pc=0x0000025ed43f9aa1 sp=0x0000008370efb930
Event: 0.701 Thread 0x0000025ecb4f0800 DEOPT UNPACKING pc=0x0000025ed3e0964e sp=0x0000008370efadf8 mode 0
Event: 0.708 Thread 0x0000025ecb4f0800 DEOPT PACKING pc=0x0000025ed43f9aa1 sp=0x0000008370ef82b0
Event: 0.708 Thread 0x0000025ecb4f0800 DEOPT UNPACKING pc=0x0000025ed3e0964e sp=0x0000008370ef7778 mode 0
Event: 0.716 Thread 0x0000025ecb4f0800 DEOPT PACKING pc=0x0000025ed43f986c sp=0x0000008370ef82b0
Event: 0.716 Thread 0x0000025ecb4f0800 DEOPT UNPACKING pc=0x0000025ed3e0964e sp=0x0000008370ef7778 mode 0
Event: 0.716 Thread 0x0000025ecb4f0800 DEOPT PACKING pc=0x0000025ed43f986c sp=0x0000008370ef82b0
Event: 0.716 Thread 0x0000025ecb4f0800 DEOPT UNPACKING pc=0x0000025ed3e0964e sp=0x0000008370ef7778 mode 0
Event: 0.717 Thread 0x0000025ecb4f0800 DEOPT PACKING pc=0x0000025ed43f986c sp=0x0000008370ef82b0
Event: 0.717 Thread 0x0000025ecb4f0800 DEOPT UNPACKING pc=0x0000025ed3e0964e sp=0x0000008370ef7778 mode 0
Event: 0.717 Thread 0x0000025ecb4f0800 DEOPT PACKING pc=0x0000025ed43f9aa1 sp=0x0000008370ef8220
Event: 0.717 Thread 0x0000025ecb4f0800 DEOPT UNPACKING pc=0x0000025ed3e0964e sp=0x0000008370ef76e8 mode 0
Event: 0.724 Thread 0x0000025ecb4f0800 DEOPT PACKING pc=0x0000025ed43d7573 sp=0x0000008370ef9d30
Event: 0.724 Thread 0x0000025ecb4f0800 DEOPT UNPACKING pc=0x0000025ed3e0964e sp=0x0000008370ef9190 mode 0
Event: 37928.056 Thread 0x0000025eeaef9000 Uncommon trap: trap_request=0xffffff45 fr.pc=0x0000025edb8c1570 relative=0x0000000000000ab0
Event: 37928.056 Thread 0x0000025eeaef9000 Uncommon trap: reason=unstable_if action=reinterpret pc=0x0000025edb8c1570 method=java.lang.String.<init>([CIILjava/lang/Void;)V @ 5 c2
Event: 37928.056 Thread 0x0000025eeaef9000 DEOPT PACKING pc=0x0000025edb8c1570 sp=0x0000008371dfde30
Event: 37928.057 Thread 0x0000025eeaef9000 DEOPT UNPACKING pc=0x0000025ed3e0912f sp=0x0000008371dfdd10 mode 2

Classes unloaded (0 events):
No events

Classes redefined (7 events):
Event: 37823.388 Thread 0x0000025eea4fe800 redefined class name=NSGA3.NSGA3planningAlgorithmExample, count=1
Event: 37928.079 Thread 0x0000025eea4fe800 redefined class name=NSGA3.NSGA3planningAlgorithmExample, count=2
Event: 37951.710 Thread 0x0000025eea4fe800 redefined class name=NSGA3.NSGA3planningAlgorithmExample, count=3
Event: 38155.861 Thread 0x0000025eea4fe800 redefined class name=NSGA3.NSGA3planningAlgorithmExample, count=4
Event: 38208.699 Thread 0x0000025eea4fe800 redefined class name=NSGA3.NSGA3planningAlgorithmExample, count=5
Event: 38226.623 Thread 0x0000025eea4fe800 redefined class name=NSGA3.NSGA3planningAlgorithmExample, count=6
Event: 39046.415 Thread 0x0000025eea4fe800 redefined class name=NSGA3.NSGA3planningAlgorithmExample, count=7

Internal exceptions (0 events):
No events

Events (20 events):
Event: 40455.899 Executing VM operation: GetStackTrace
Event: 40455.899 Executing VM operation: GetStackTrace done
Event: 40482.006 Executing VM operation: GetFrameCount
Event: 40482.006 Executing VM operation: GetFrameCount done
Event: 40482.006 Executing VM operation: GetOwnedMonitorInfo
Event: 40482.007 Executing VM operation: GetOwnedMonitorInfo done
Event: 40482.007 Executing VM operation: GetCurrentContendedMonitor
Event: 40482.007 Executing VM operation: GetCurrentContendedMonitor done
Event: 40503.326 Executing VM operation: GetFrameCount
Event: 40503.326 Executing VM operation: GetFrameCount done
Event: 40503.326 Executing VM operation: GetOwnedMonitorInfo
Event: 40503.326 Executing VM operation: GetOwnedMonitorInfo done
Event: 40503.327 Executing VM operation: GetCurrentContendedMonitor
Event: 40503.327 Executing VM operation: GetCurrentContendedMonitor done
Event: 40508.613 Executing VM operation: GetFrameCount
Event: 40508.613 Executing VM operation: GetFrameCount done
Event: 40508.614 Executing VM operation: GetOwnedMonitorInfo
Event: 40508.614 Executing VM operation: GetOwnedMonitorInfo done
Event: 40508.614 Executing VM operation: GetCurrentContendedMonitor
Event: 40508.615 Executing VM operation: GetCurrentContendedMonitor done


Dynamic libraries:
0x00007ff7a5850000 - 0x00007ff7a585f000 	C:\Program Files\Java\jdk-13.0.2\bin\javaw.exe
0x00007ffe739b0000 - 0x00007ffe73ba5000 	C:\WINDOWS\SYSTEM32\ntdll.dll
0x00007ffe72f70000 - 0x00007ffe7302e000 	C:\WINDOWS\System32\KERNEL32.DLL
0x00007ffe71260000 - 0x00007ffe71528000 	C:\WINDOWS\System32\KERNELBASE.dll
0x00007ffe71740000 - 0x00007ffe71840000 	C:\WINDOWS\System32\ucrtbase.dll
0x00007ffe36b10000 - 0x00007ffe36b28000 	C:\Program Files\Java\jdk-13.0.2\bin\jli.dll
0x00007ffe72600000 - 0x00007ffe726ae000 	C:\WINDOWS\System32\ADVAPI32.dll
0x00007ffe72dd0000 - 0x00007ffe72e6e000 	C:\WINDOWS\System32\msvcrt.dll
0x00007ffe73450000 - 0x00007ffe734ec000 	C:\WINDOWS\System32\sechost.dll
0x00007ffe36ad0000 - 0x00007ffe36ae5000 	C:\Program Files\Java\jdk-13.0.2\bin\VCRUNTIME140.dll
0x00007ffe71ae0000 - 0x00007ffe71c05000 	C:\WINDOWS\System32\RPCRT4.dll
0x00007ffe73030000 - 0x00007ffe731d0000 	C:\WINDOWS\System32\USER32.dll
0x00007ffe719e0000 - 0x00007ffe71a02000 	C:\WINDOWS\System32\win32u.dll
0x00007ffe726b0000 - 0x00007ffe726da000 	C:\WINDOWS\System32\GDI32.dll
0x00007ffe71630000 - 0x00007ffe7173b000 	C:\WINDOWS\System32\gdi32full.dll
0x00007ffe71940000 - 0x00007ffe719dd000 	C:\WINDOWS\System32\msvcp_win.dll
0x00007ffe6e480000 - 0x00007ffe6e71a000 	C:\WINDOWS\WinSxS\amd64_microsoft.windows.common-controls_6595b64144ccf1df_6.0.19041.1110_none_60b5254171f9507e\COMCTL32.dll
0x00007ffe70db0000 - 0x00007ffe70dba000 	C:\WINDOWS\SYSTEM32\VERSION.dll
0x00007ffe72ee0000 - 0x00007ffe72f10000 	C:\WINDOWS\System32\IMM32.DLL
0x0000000051280000 - 0x000000005128c000 	D:\360\360Safe\safemon\SafeWrapper.dll
0x00007ffe5ec80000 - 0x00007ffe5ed12000 	D:\360\360Safe\safemon\libzdtp64.dll
0x00007ffe71e40000 - 0x00007ffe72584000 	C:\WINDOWS\System32\SHELL32.dll
0x00007ffe71cc0000 - 0x00007ffe71d15000 	C:\WINDOWS\System32\SHLWAPI.dll
0x00007ffde2550000 - 0x00007ffde25eb000 	C:\Program Files\Java\jdk-13.0.2\bin\msvcp140.dll
0x00007ffdf0c20000 - 0x00007ffdf177d000 	C:\Program Files\Java\jdk-13.0.2\bin\server\jvm.dll
0x00007ffe734f0000 - 0x00007ffe734f8000 	C:\WINDOWS\System32\PSAPI.DLL
0x00007ffe68d80000 - 0x00007ffe68d89000 	C:\WINDOWS\SYSTEM32\WSOCK32.dll
0x00007ffe72e70000 - 0x00007ffe72edb000 	C:\WINDOWS\System32\WS2_32.dll
0x00007ffe692c0000 - 0x00007ffe692e7000 	C:\WINDOWS\SYSTEM32\WINMM.dll
0x00007ffe6e3f0000 - 0x00007ffe6e402000 	C:\WINDOWS\SYSTEM32\kernel.appcore.dll
0x00007ffe10ee0000 - 0x00007ffe10ef0000 	C:\Program Files\Java\jdk-13.0.2\bin\verify.dll
0x00007ffe70a70000 - 0x00007ffe70c54000 	C:\WINDOWS\SYSTEM32\DBGHELP.DLL
0x00007ffe58890000 - 0x00007ffe588bc000 	C:\WINDOWS\SYSTEM32\dbgcore.DLL
0x00007ffe71530000 - 0x00007ffe715b2000 	C:\WINDOWS\System32\bcryptPrimitives.dll
0x00007ffdf0bf0000 - 0x00007ffdf0c16000 	C:\Program Files\Java\jdk-13.0.2\bin\java.dll
0x00007ffde39d0000 - 0x00007ffde3a08000 	C:\Program Files\Java\jdk-13.0.2\bin\jdwp.dll
0x00007ffe36b80000 - 0x00007ffe36b8e000 	C:\Program Files\Java\jdk-13.0.2\bin\instrument.dll
0x00007ffdfc480000 - 0x00007ffdfc497000 	C:\Program Files\Java\jdk-13.0.2\bin\zip.dll
0x00007ffe10ed0000 - 0x00007ffe10eda000 	C:\Program Files\Java\jdk-13.0.2\bin\jimage.dll
0x00007ffe6e870000 - 0x00007ffe6f004000 	C:\WINDOWS\SYSTEM32\windows.storage.dll
0x00007ffe72900000 - 0x00007ffe72c54000 	C:\WINDOWS\System32\combase.dll
0x00007ffe706b0000 - 0x00007ffe706dc000 	C:\WINDOWS\SYSTEM32\Wldp.dll
0x00007ffe733a0000 - 0x00007ffe7344d000 	C:\WINDOWS\System32\SHCORE.dll
0x00007ffe71010000 - 0x00007ffe7102f000 	C:\WINDOWS\SYSTEM32\profapi.dll
0x00007ffe36ac0000 - 0x00007ffe36acb000 	C:\Program Files\Java\jdk-13.0.2\bin\dt_socket.dll
0x00007ffe703a0000 - 0x00007ffe7040a000 	C:\WINDOWS\system32\mswsock.dll
0x00007ffe700d0000 - 0x00007ffe7019b000 	C:\WINDOWS\SYSTEM32\DNSAPI.dll
0x00007ffe70070000 - 0x00007ffe700ab000 	C:\WINDOWS\SYSTEM32\IPHLPAPI.DLL
0x00007ffe72590000 - 0x00007ffe72598000 	C:\WINDOWS\System32\NSI.dll
0x00007ffe5f410000 - 0x00007ffe5f41a000 	C:\Windows\System32\rasadhlp.dll
0x00007ffe5ff90000 - 0x00007ffe6000f000 	C:\WINDOWS\System32\fwpuclnt.dll
0x00007ffe710d0000 - 0x00007ffe710f7000 	C:\WINDOWS\System32\bcrypt.dll
0x00007ffdf0bd0000 - 0x00007ffdf0be9000 	C:\Program Files\Java\jdk-13.0.2\bin\net.dll
0x00007ffe66060000 - 0x00007ffe6616a000 	C:\WINDOWS\SYSTEM32\WINHTTP.dll
0x00007ffdf0bb0000 - 0x00007ffdf0bc3000 	C:\Program Files\Java\jdk-13.0.2\bin\nio.dll

dbghelp: loaded successfully - version: 4.0.5 - missing functions: none
symbol engine: initialized successfully - sym options: 0x614 - pdb path: .;C:\Program Files\Java\jdk-13.0.2\bin;C:\WINDOWS\SYSTEM32;C:\WINDOWS\WinSxS\amd64_microsoft.windows.common-controls_6595b64144ccf1df_6.0.19041.1110_none_60b5254171f9507e;D:\360\360Safe\safemon;C:\Program Files\Java\jdk-13.0.2\bin\server

VM Arguments:
jvm_args: -agentlib:jdwp=transport=dt_socket,suspend=y,address=localhost:53807 -javaagent:D:\eclipseNew\eclipse\configuration\org.eclipse.osgi\225\0\.cp\lib\javaagent-shaded.jar -Dfile.encoding=UTF-8 
java_command: NSGA3.NSGA3planningAlgorithmExample
java_class_path (initial): G:\eclipseWorksapce\workflowsim-ACO\WorkflowSim-ACO(ok)\WorkflowSim-1.0-master\bin;G:\eclipseWorksapce\workflowsim-ACO\WorkflowSim-ACO(ok)\WorkflowSim-1.0-master\lib\commons-math3-3.2-sources.jar;G:\eclipseWorksapce\workflowsim-ACO\WorkflowSim-ACO(ok)\WorkflowSim-1.0-master\lib\commons-math3-3.2.jar;G:\eclipseWorksapce\workflowsim-ACO\WorkflowSim-ACO(ok)\WorkflowSim-1.0-master\lib\flanagan.jar;G:\eclipseWorksapce\workflowsim-ACO\WorkflowSim-ACO(ok)\WorkflowSim-1.0-master\lib\jdom-2.0.0.jar;G:\eclipseWorksapce\jMetal_new\jmetal-algorithm\target\classes;G:\eclipseWorksapce\jMetal_new\jmetal-core\target\classes;C:\Users\jiangnanyese17\.m2\repository\org\junit\vintage\junit-vintage-engine\5.7.0\junit-vintage-engine-5.7.0.jar;C:\Users\jiangnanyese17\.m2\repository\org\apiguardian\apiguardian-api\1.1.0\apiguardian-api-1.1.0.jar;C:\Users\jiangnanyese17\.m2\repository\org\junit\platform\junit-platform-engine\1.7.0\junit-platform-engine-1.7.0.jar;C:\Users\jiangnanyese17\.m2\repository\org\opentest4j\opentest4j\1.2.0\opentest4j-1.2.0.jar;C:\Users\jiangnanyese17\.m2\repository\org\junit\platform\junit-platform-commons\1.7.0\junit-platform-commons-1.7.0.jar;C:\Users\jiangnanyese17\.m2\repository\junit\junit\4.13.1\junit-4.13.1.jar;C:\Users\jiangnanyese17\.m2\repository\org\hamcrest\hamcrest-core\1.3\hamcrest-core-1.3.jar;C:\Users\jiangnanyese17\.m2\repository\org\junit\jupiter\junit-jupiter-engine\5.7.0\junit-jupiter-engine-5.7.0.jar;C:\Users\jiangnanyese17\.m2\repository\org\junit\jupiter\junit-jupiter-api\5.7.0\junit-jupiter-api-5.7.0.jar;C:\Users\jiangnanyese17\.m2\repository\org\apache\maven\reporting\maven-reporting-api\3.0\maven-reporting-api-3.0.jar;C:\Users\jiangnanyese17\.m2\repository\org\apache\maven\doxia\doxia-sink-api\1.0\doxia-sink-api-1.0.jar;C:\Users\jiangnanyese17\.m2\repository\org\apache\commons\commons-lang3\3.9\commons-lang3-3.9.jar;C:\Users\jiangnanyese17\.m2\repository\org\apache\commons\commons-collections4\4.4\commons-colle
Launcher Type: SUN_STANDARD

[Global flags]
     intx CICompilerCount                          = 3                                         {product} {ergonomic}
     uint ConcGCThreads                            = 1                                         {product} {ergonomic}
     uint G1ConcRefinementThreads                  = 4                                         {product} {ergonomic}
   size_t G1HeapRegionSize                         = 1048576                                   {product} {ergonomic}
    uintx GCDrainStackTargetSize                   = 64                                        {product} {ergonomic}
   size_t InitialHeapSize                          = 134217728                                 {product} {ergonomic}
   size_t MarkStackSize                            = 4194304                                   {product} {ergonomic}
   size_t MaxHeapSize                              = 2116026368                                {product} {ergonomic}
   size_t MaxNewSize                               = 1268776960                                {product} {ergonomic}
   size_t MinHeapDeltaBytes                        = 1048576                                   {product} {ergonomic}
   size_t MinHeapSize                              = 8388608                                   {product} {ergonomic}
    uintx NonNMethodCodeHeapSize                   = 5832780                                {pd product} {ergonomic}
    uintx NonProfiledCodeHeapSize                  = 122912730                              {pd product} {ergonomic}
    uintx ProfiledCodeHeapSize                     = 122912730                              {pd product} {ergonomic}
    uintx ReservedCodeCacheSize                    = 251658240                              {pd product} {ergonomic}
     bool SegmentedCodeCache                       = true                                      {product} {ergonomic}
   size_t SoftMaxHeapSize                          = 2116026368                             {manageable} {ergonomic}
     bool UseCompressedClassPointers               = true                                 {lp64_product} {ergonomic}
     bool UseCompressedOops                        = true                                 {lp64_product} {ergonomic}
     bool UseG1GC                                  = true                                      {product} {ergonomic}
     bool UseLargePagesIndividualAllocation        = false                                  {pd product} {ergonomic}

Logging:
Log output configuration:
 #0: stdout all=warning uptime,level,tags
 #1: stderr all=off uptime,level,tags

Environment Variables:
JAVA_HOME=C:\Program Files\Java\jdk-13.0.2
CLASSPATH=.;C:\Program Files\Java\jdk-13.0.2\lib\dt.jar;C:\Program Files\Java\jdk-13.0.2\lib\tools.jar
PATH=C:/Program Files/Java/jdk-13.0.2/bin/server;C:/Program Files/Java/jdk-13.0.2/bin;C:\Program Files\Java\jdk-13.0.2\bin;C:\Program Files\Java\jdk-13.0.2\jre\bin;D:\mingw64\bin";C:\Program Files\Java\jre1.8.0_131\bin;C:\Program Files\Java\jdk1.8.0_131\bin;C:\ProgramData\Oracle\Java\javapath;C:\WINDOWS\system32;C:\WINDOWS;C:\WINDOWS\System32\Wbem;C:\WINDOWS\System32\WindowsPowerShell\v1.0\ C:\Program Files\Java\jdk-13.0.2\bin;C:\Program Files\Java\jdk-13.0.2\jre\bin;C:\Program Files\MySQL\MySQL Server 5.7\bin;C:\WINDOWS\system32\config\systemprofile\.dnx\bin;C:\Program Files\Microsoft DNX\Dnvm\;C:\Program Files (x86)\Windows Kits\8.1\Windows Performance Toolkit\;C:\Program Files\Microsoft SQL Server\130\Tools\Binn\;C:\Program Files\Git\cmd;C:\vs2015\VC\bin;C:\vs2015\Common7\IDE;C:\vs2015\Common7\Tools;F:\apache-tomcat-7.0.79-windows-x64\apache-tomcat-7.0.79\bin;F:\apache-tomcat-7.0.79-windows-x64\apache-tomcat-7.0.79\lib;D:\Python\Scripts\;D:\Python\;D:\Python2\;D:\Python2\Scripts\;D:\nodejs\;C:\WINDOWS\System32\WindowsPowerShell\v1.0\;C:\WINDOWS\System32\OpenSSH\;D:\latex\CTEX\CTeX;D:\latex\CTEX\CTeX\Packages\ctex\bin;D:\latex\CTEX\CTeX\Packages\cct\bin;D:\latex\CTEX\CTeX\Packages\ty\bin;D:\anaconda3;D:\anaconda3\Library\bin;D:\anaconda3\Scripts;D:\anaconda3\Library\mingw-w64\bin;G:\apache-maven-3.2.5-bin\apache-maven-3.2.5\bin;D:\matlab21\bin;"C:\Program Files\Java\jdk-13.0.2\bin;";D:\mingw64\bin;C:\WINDOWS\system32;C:\WINDOWS;C:\WINDOWS\System32\Wbem;C:\WINDOWS\System32\WindowsPowerShell\v1.0\ C:\Program Files\Java\jdk1.8.0_131\bin;C:\Program Files\MySQL\MySQL Server 5.7\bin;C:\Users\jiangnanyese17\.dnx\bin;C:\Program Files\Microsoft DNX\Dnvm\;C:\Program Files (x86)\Windows Kits\8.1\Windows Performance Toolkit\;C:\Program Files\Microsoft SQL Server\130\Tools\Binn\;C:\Program Files\Git\cmd;C:\vs2015\VC\bin;C:\vs2015\Common7\IDE;C:\vs2015\Common7\Tools;F:\apache-tomcat-7.0.79-windows-x64\apache-tomcat-7.0.79\bin;F:\apache-tomcat-7.0.79-windows-x64\apache-tomcat-7.0.7
USERNAME=jiangnanyese17
OS=Windows_NT
PROCESSOR_IDENTIFIER=Intel64 Family 6 Model 78 Stepping 3, GenuineIntel



---------------  S Y S T E M  ---------------

OS: Windows 10 , 64 bit Build 19041 (10.0.19041.1645)

CPU:total 4 (initial active 4) (2 cores per cpu, 2 threads per core) family 6 model 78 stepping 3, cmov, cx8, fxsr, mmx, sse, sse2, sse3, ssse3, sse4.1, sse4.2, popcnt, avx, avx2, aes, clmul, erms, 3dnowpref, lzcnt, ht, tsc, tscinvbit, bmi1, bmi2, adx, fma

Memory: 4k page, system-wide physical 8065M (1670M free)
TotalPageFile size 16257M (AvailPageFile size 6910M)
current process WorkingSet (physical memory assigned to process): 24M, peak: 52M
current process commit charge ("private bytes"): 210M, peak: 215M

vm_info: Java HotSpot(TM) 64-Bit Server VM (13.0.2+8) for windows-amd64 JRE (13.0.2+8), built on Dec 11 2019 09:20:33 by "mach5one" with unknown MS VC++:1916

END.
