#
# A fatal error has been detected by the Java Runtime Environment:
#
#  Internal Error (t:/workspace/open/src/hotspot/share/oops/generateOopMap.cpp:2165), pid=5084, tid=14616
#  fatal error: Illegal class file encountered. Try running with -Xverify:all in method main
#
# JRE version: Java(TM) SE Runtime Environment (13.0.2+8) (build 13.0.2+8)
# Java VM: Java HotSpot(TM) 64-Bit Server VM (13.0.2+8, mixed mode, sharing, tiered, compressed oops, g1 gc, windows-amd64)
# No core dump will be written. Minidumps are not enabled by default on client versions of Windows
#
# If you would like to submit a bug report, please visit:
#   http://bugreport.java.com/bugreport/crash.jsp
#

---------------  S U M M A R Y ------------

Command Line: -agentlib:jdwp=transport=dt_socket,suspend=y,address=localhost:52847 -javaagent:D:\eclipseNew\eclipse\configuration\org.eclipse.osgi\225\0\.cp\lib\javaagent-shaded.jar -Dfile.encoding=UTF-8 NSGA3.NSGA3planningAlgorithmExample

Host: Intel(R) Core(TM) i5-6200U CPU @ 2.30GHz, 4 cores, 7G,  Windows 10 , 64 bit Build 19041 (10.0.19041.1645)
Time: Thu Apr 28 22:19:34 2022 中国标准时间 elapsed time: 84019 seconds (0d 23h 20m 19s)

---------------  T H R E A D  ---------------

Current thread (0x000002a74c61d800):  GCTaskThread "GC Thread#2" [stack: 0x000000f624400000,0x000000f624500000] [id=14616]

Stack: [0x000000f624400000,0x000000f624500000]
[error occurred during error reporting (printing stack bounds), id 0xc0000005, EXCEPTION_ACCESS_VIOLATION (0xc0000005) at pc=0x000002a7352910ad]

Native frames: (J=compiled Java code, j=interpreted, Vv=VM code, C=native code)
V  [jvm.dll+0x624f9a]
V  [jvm.dll+0x770cfa]
V  [jvm.dll+0x7724af]
V  [jvm.dll+0x772a15]
V  [jvm.dll+0x7729cb]
V  [jvm.dll+0x6244df]
C  [ntdll.dll+0x78a3c]
C  [ntdll.dll+0x51276]
C  [ntdll.dll+0xa0bfe]
C  0x000002a7352910ad

JavaThread 0x000002a72ca70000 (nid = 2180) was being processed
Java frames: (J=compiled Java code, j=interpreted, Vv=VM code)
j  NSGA3.NSGA3planningAlgorithmExample.main([Ljava/lang/String;)V+0
v  ~StubRoutines::call_stub

---------------  P R O C E S S  ---------------

Threads class SMR info:
_java_thread_list=0x000002a74c875290, length=13, elements={
0x000002a72ca70000, 0x000002a74c224800, 0x000002a74c22a800, 0x000002a74c243000,
0x000002a74c243800, 0x000002a74c244800, 0x000002a74c251000, 0x000002a74c262000,
0x000002a74c370800, 0x000002a74c44a800, 0x000002a74c3d3800, 0x000002a74c3d4000,
0x000002a74c8d3800
}

Java Threads: ( => current thread )
  0x000002a72ca70000 JavaThread "main" [_thread_blocked, id=2180, stack(0x000000f624600000,0x000000f624700000)]
  0x000002a74c224800 JavaThread "Reference Handler" daemon [_thread_blocked, id=2072, stack(0x000000f624d00000,0x000000f624e00000)]
  0x000002a74c22a800 JavaThread "Finalizer" daemon [_thread_blocked, id=8328, stack(0x000000f624e00000,0x000000f624f00000)]
  0x000002a74c243000 JavaThread "Signal Dispatcher" daemon [_thread_blocked, id=11992, stack(0x000000f624f00000,0x000000f625000000)]
  0x000002a74c243800 JavaThread "Attach Listener" daemon [_thread_blocked, id=6456, stack(0x000000f625000000,0x000000f625100000)]
  0x000002a74c244800 JavaThread "C2 CompilerThread0" daemon [_thread_blocked, id=11272, stack(0x000000f625100000,0x000000f625200000)]
  0x000002a74c251000 JavaThread "C1 CompilerThread0" daemon [_thread_blocked, id=10816, stack(0x000000f625200000,0x000000f625300000)]
  0x000002a74c262000 JavaThread "Sweeper thread" daemon [_thread_blocked, id=3900, stack(0x000000f625300000,0x000000f625400000)]
  0x000002a74c370800 JavaThread "Common-Cleaner" daemon [_thread_blocked, id=11580, stack(0x000000f625400000,0x000000f625500000)]
  0x000002a74c44a800 JavaThread "JDWP Transport Listener: dt_socket" daemon [_thread_blocked, id=11664, stack(0x000000f625500000,0x000000f625600000)]
  0x000002a74c3d3800 JavaThread "JDWP Event Helper Thread" daemon [_thread_blocked, id=12892, stack(0x000000f625600000,0x000000f625700000)]
  0x000002a74c3d4000 JavaThread "JDWP Command Reader" daemon [_thread_in_native, id=9496, stack(0x000000f625700000,0x000000f625800000)]
  0x000002a74c8d3800 JavaThread "Service Thread" daemon [_thread_blocked, id=6468, stack(0x000000f625900000,0x000000f625a00000)]

Other Threads:
  0x000002a74c220800 VMThread "VM Thread" [stack: 0x000000f624c00000,0x000000f624d00000] [id=7500]
  0x000002a74c8d4800 WatcherThread [stack: 0x000000f625a00000,0x000000f625b00000] [id=12200]
  0x000002a72cab2800 GCTaskThread "GC Thread#0" [stack: 0x000000f624700000,0x000000f624800000] [id=1256]
  0x000002a74c8ce000 GCTaskThread "GC Thread#1" [stack: 0x000000f624300000,0x000000f624400000] [id=15484]
=>0x000002a74c61d800 GCTaskThread "GC Thread#2" [stack: 0x000000f624400000,0x000000f624500000] [id=14616]
  0x000002a72cb02800 ConcurrentGCThread "G1 Main Marker" [stack: 0x000000f624800000,0x000000f624900000] [id=108]
  0x000002a72cb04000 ConcurrentGCThread "G1 Conc#0" [stack: 0x000000f624900000,0x000000f624a00000] [id=244]
  0x000002a74b897000 ConcurrentGCThread "G1 Refine#0" [stack: 0x000000f624a00000,0x000000f624b00000] [id=2316]
  0x000002a74b89f000 ConcurrentGCThread "G1 Young RemSet Sampling" [stack: 0x000000f624b00000,0x000000f624c00000] [id=10536]

Threads with active compile tasks:

VM state:at safepoint (normal execution)

VM Mutex/Monitor currently owned by a thread:  ([mutex/lock_event])
[0x000002a72ca6bc70] Threads_lock - owner thread: 0x000002a74c220800
[0x000002a72ca6c210] Heap_lock - owner thread: 0x000002a74c44a800

Heap address: 0x0000000081e00000, size: 2018 MB, Compressed Oops mode: 32-bit
Narrow klass base: 0x0000000800000000, Narrow klass shift: 3
Compressed class space size: 1073741824 Address: 0x0000000800b40000

Heap:
 garbage-first heap   total 131072K, used 14336K [0x0000000081e00000, 0x0000000100000000)
  region size 1024K, 15 young (15360K), 1 survivors (1024K)
 Metaspace       used 3332K, capacity 5325K, committed 5376K, reserved 1056768K
  class space    used 292K, capacity 475K, committed 512K, reserved 1048576K
Heap Regions: E=young(eden), S=young(survivor), O=old, HS=humongous(starts), HC=humongous(continues), CS=collection set, F=free, A=archive, TAMS=top-at-mark-start (previous, next)
|   0|0x0000000081e00000, 0x0000000081e00000, 0x0000000081f00000|  0%| F|  |TAMS 0x0000000081e00000, 0x0000000081e00000| Untracked 
|   1|0x0000000081f00000, 0x0000000081f00000, 0x0000000082000000|  0%| F|  |TAMS 0x0000000081f00000, 0x0000000081f00000| Untracked 
|   2|0x0000000082000000, 0x0000000082000000, 0x0000000082100000|  0%| F|  |TAMS 0x0000000082000000, 0x0000000082000000| Untracked 
|   3|0x0000000082100000, 0x0000000082100000, 0x0000000082200000|  0%| F|  |TAMS 0x0000000082100000, 0x0000000082100000| Untracked 
|   4|0x0000000082200000, 0x0000000082200000, 0x0000000082300000|  0%| F|  |TAMS 0x0000000082200000, 0x0000000082200000| Untracked 
|   5|0x0000000082300000, 0x0000000082300000, 0x0000000082400000|  0%| F|  |TAMS 0x0000000082300000, 0x0000000082300000| Untracked 
|   6|0x0000000082400000, 0x0000000082400000, 0x0000000082500000|  0%| F|  |TAMS 0x0000000082400000, 0x0000000082400000| Untracked 
|   7|0x0000000082500000, 0x0000000082500000, 0x0000000082600000|  0%| F|  |TAMS 0x0000000082500000, 0x0000000082500000| Untracked 
|   8|0x0000000082600000, 0x0000000082600000, 0x0000000082700000|  0%| F|  |TAMS 0x0000000082600000, 0x0000000082600000| Untracked 
|   9|0x0000000082700000, 0x0000000082700000, 0x0000000082800000|  0%| F|  |TAMS 0x0000000082700000, 0x0000000082700000| Untracked 
|  10|0x0000000082800000, 0x0000000082800000, 0x0000000082900000|  0%| F|  |TAMS 0x0000000082800000, 0x0000000082800000| Untracked 
|  11|0x0000000082900000, 0x0000000082900000, 0x0000000082a00000|  0%| F|  |TAMS 0x0000000082900000, 0x0000000082900000| Untracked 
|  12|0x0000000082a00000, 0x0000000082a00000, 0x0000000082b00000|  0%| F|  |TAMS 0x0000000082a00000, 0x0000000082a00000| Untracked 
|  13|0x0000000082b00000, 0x0000000082b00000, 0x0000000082c00000|  0%| F|  |TAMS 0x0000000082b00000, 0x0000000082b00000| Untracked 
|  14|0x0000000082c00000, 0x0000000082c00000, 0x0000000082d00000|  0%| F|  |TAMS 0x0000000082c00000, 0x0000000082c00000| Untracked 
|  15|0x0000000082d00000, 0x0000000082d00000, 0x0000000082e00000|  0%| F|  |TAMS 0x0000000082d00000, 0x0000000082d00000| Untracked 
|  16|0x0000000082e00000, 0x0000000082e00000, 0x0000000082f00000|  0%| F|  |TAMS 0x0000000082e00000, 0x0000000082e00000| Untracked 
|  17|0x0000000082f00000, 0x0000000082f00000, 0x0000000083000000|  0%| F|  |TAMS 0x0000000082f00000, 0x0000000082f00000| Untracked 
|  18|0x0000000083000000, 0x0000000083000000, 0x0000000083100000|  0%| F|  |TAMS 0x0000000083000000, 0x0000000083000000| Untracked 
|  19|0x0000000083100000, 0x0000000083100000, 0x0000000083200000|  0%| F|  |TAMS 0x0000000083100000, 0x0000000083100000| Untracked 
|  20|0x0000000083200000, 0x0000000083200000, 0x0000000083300000|  0%| F|  |TAMS 0x0000000083200000, 0x0000000083200000| Untracked 
|  21|0x0000000083300000, 0x0000000083300000, 0x0000000083400000|  0%| F|  |TAMS 0x0000000083300000, 0x0000000083300000| Untracked 
|  22|0x0000000083400000, 0x0000000083400000, 0x0000000083500000|  0%| F|  |TAMS 0x0000000083400000, 0x0000000083400000| Untracked 
|  23|0x0000000083500000, 0x0000000083500000, 0x0000000083600000|  0%| F|  |TAMS 0x0000000083500000, 0x0000000083500000| Untracked 
|  24|0x0000000083600000, 0x0000000083600000, 0x0000000083700000|  0%| F|  |TAMS 0x0000000083600000, 0x0000000083600000| Untracked 
|  25|0x0000000083700000, 0x0000000083700000, 0x0000000083800000|  0%| F|  |TAMS 0x0000000083700000, 0x0000000083700000| Untracked 
|  26|0x0000000083800000, 0x0000000083800000, 0x0000000083900000|  0%| F|  |TAMS 0x0000000083800000, 0x0000000083800000| Untracked 
|  27|0x0000000083900000, 0x0000000083900000, 0x0000000083a00000|  0%| F|  |TAMS 0x0000000083900000, 0x0000000083900000| Untracked 
|  28|0x0000000083a00000, 0x0000000083a00000, 0x0000000083b00000|  0%| F|  |TAMS 0x0000000083a00000, 0x0000000083a00000| Untracked 
|  29|0x0000000083b00000, 0x0000000083b00000, 0x0000000083c00000|  0%| F|  |TAMS 0x0000000083b00000, 0x0000000083b00000| Untracked 
|  30|0x0000000083c00000, 0x0000000083c00000, 0x0000000083d00000|  0%| F|  |TAMS 0x0000000083c00000, 0x0000000083c00000| Untracked 
|  31|0x0000000083d00000, 0x0000000083d00000, 0x0000000083e00000|  0%| F|  |TAMS 0x0000000083d00000, 0x0000000083d00000| Untracked 
|  32|0x0000000083e00000, 0x0000000083e00000, 0x0000000083f00000|  0%| F|  |TAMS 0x0000000083e00000, 0x0000000083e00000| Untracked 
|  33|0x0000000083f00000, 0x0000000083f00000, 0x0000000084000000|  0%| F|  |TAMS 0x0000000083f00000, 0x0000000083f00000| Untracked 
|  34|0x0000000084000000, 0x0000000084000000, 0x0000000084100000|  0%| F|  |TAMS 0x0000000084000000, 0x0000000084000000| Untracked 
|  35|0x0000000084100000, 0x0000000084100000, 0x0000000084200000|  0%| F|  |TAMS 0x0000000084100000, 0x0000000084100000| Untracked 
|  36|0x0000000084200000, 0x0000000084200000, 0x0000000084300000|  0%| F|  |TAMS 0x0000000084200000, 0x0000000084200000| Untracked 
|  37|0x0000000084300000, 0x0000000084300000, 0x0000000084400000|  0%| F|  |TAMS 0x0000000084300000, 0x0000000084300000| Untracked 
|  38|0x0000000084400000, 0x0000000084400000, 0x0000000084500000|  0%| F|  |TAMS 0x0000000084400000, 0x0000000084400000| Untracked 
|  39|0x0000000084500000, 0x0000000084500000, 0x0000000084600000|  0%| F|  |TAMS 0x0000000084500000, 0x0000000084500000| Untracked 
|  40|0x0000000084600000, 0x0000000084600000, 0x0000000084700000|  0%| F|  |TAMS 0x0000000084600000, 0x0000000084600000| Untracked 
|  41|0x0000000084700000, 0x0000000084700000, 0x0000000084800000|  0%| F|  |TAMS 0x0000000084700000, 0x0000000084700000| Untracked 
|  42|0x0000000084800000, 0x0000000084800000, 0x0000000084900000|  0%| F|  |TAMS 0x0000000084800000, 0x0000000084800000| Untracked 
|  43|0x0000000084900000, 0x0000000084900000, 0x0000000084a00000|  0%| F|  |TAMS 0x0000000084900000, 0x0000000084900000| Untracked 
|  44|0x0000000084a00000, 0x0000000084a00000, 0x0000000084b00000|  0%| F|  |TAMS 0x0000000084a00000, 0x0000000084a00000| Untracked 
|  45|0x0000000084b00000, 0x0000000084b00000, 0x0000000084c00000|  0%| F|  |TAMS 0x0000000084b00000, 0x0000000084b00000| Untracked 
|  46|0x0000000084c00000, 0x0000000084c00000, 0x0000000084d00000|  0%| F|  |TAMS 0x0000000084c00000, 0x0000000084c00000| Untracked 
|  47|0x0000000084d00000, 0x0000000084d00000, 0x0000000084e00000|  0%| F|  |TAMS 0x0000000084d00000, 0x0000000084d00000| Untracked 
|  48|0x0000000084e00000, 0x0000000084e00000, 0x0000000084f00000|  0%| F|  |TAMS 0x0000000084e00000, 0x0000000084e00000| Untracked 
|  49|0x0000000084f00000, 0x0000000084f00000, 0x0000000085000000|  0%| F|  |TAMS 0x0000000084f00000, 0x0000000084f00000| Untracked 
|  50|0x0000000085000000, 0x0000000085000000, 0x0000000085100000|  0%| F|  |TAMS 0x0000000085000000, 0x0000000085000000| Untracked 
|  51|0x0000000085100000, 0x0000000085100000, 0x0000000085200000|  0%| F|  |TAMS 0x0000000085100000, 0x0000000085100000| Untracked 
|  52|0x0000000085200000, 0x0000000085200000, 0x0000000085300000|  0%| F|  |TAMS 0x0000000085200000, 0x0000000085200000| Untracked 
|  53|0x0000000085300000, 0x0000000085300000, 0x0000000085400000|  0%| F|  |TAMS 0x0000000085300000, 0x0000000085300000| Untracked 
|  54|0x0000000085400000, 0x0000000085400000, 0x0000000085500000|  0%| F|  |TAMS 0x0000000085400000, 0x0000000085400000| Untracked 
|  55|0x0000000085500000, 0x0000000085500000, 0x0000000085600000|  0%| F|  |TAMS 0x0000000085500000, 0x0000000085500000| Untracked 
|  56|0x0000000085600000, 0x0000000085600000, 0x0000000085700000|  0%| F|  |TAMS 0x0000000085600000, 0x0000000085600000| Untracked 
|  57|0x0000000085700000, 0x0000000085700000, 0x0000000085800000|  0%| F|  |TAMS 0x0000000085700000, 0x0000000085700000| Untracked 
|  58|0x0000000085800000, 0x0000000085800000, 0x0000000085900000|  0%| F|  |TAMS 0x0000000085800000, 0x0000000085800000| Untracked 
|  59|0x0000000085900000, 0x0000000085900000, 0x0000000085a00000|  0%| F|  |TAMS 0x0000000085900000, 0x0000000085900000| Untracked 
|  60|0x0000000085a00000, 0x0000000085a00000, 0x0000000085b00000|  0%| F|  |TAMS 0x0000000085a00000, 0x0000000085a00000| Untracked 
|  61|0x0000000085b00000, 0x0000000085b00000, 0x0000000085c00000|  0%| F|  |TAMS 0x0000000085b00000, 0x0000000085b00000| Untracked 
|  62|0x0000000085c00000, 0x0000000085c00000, 0x0000000085d00000|  0%| F|  |TAMS 0x0000000085c00000, 0x0000000085c00000| Untracked 
|  63|0x0000000085d00000, 0x0000000085d00000, 0x0000000085e00000|  0%| F|  |TAMS 0x0000000085d00000, 0x0000000085d00000| Untracked 
|  64|0x0000000085e00000, 0x0000000085e00000, 0x0000000085f00000|  0%| F|  |TAMS 0x0000000085e00000, 0x0000000085e00000| Untracked 
|  65|0x0000000085f00000, 0x0000000085f00000, 0x0000000086000000|  0%| F|  |TAMS 0x0000000085f00000, 0x0000000085f00000| Untracked 
|  66|0x0000000086000000, 0x0000000086000000, 0x0000000086100000|  0%| F|  |TAMS 0x0000000086000000, 0x0000000086000000| Untracked 
|  67|0x0000000086100000, 0x0000000086100000, 0x0000000086200000|  0%| F|  |TAMS 0x0000000086100000, 0x0000000086100000| Untracked 
|  68|0x0000000086200000, 0x0000000086200000, 0x0000000086300000|  0%| F|  |TAMS 0x0000000086200000, 0x0000000086200000| Untracked 
|  69|0x0000000086300000, 0x0000000086300000, 0x0000000086400000|  0%| F|  |TAMS 0x0000000086300000, 0x0000000086300000| Untracked 
|  70|0x0000000086400000, 0x0000000086400000, 0x0000000086500000|  0%| F|  |TAMS 0x0000000086400000, 0x0000000086400000| Untracked 
|  71|0x0000000086500000, 0x0000000086500000, 0x0000000086600000|  0%| F|  |TAMS 0x0000000086500000, 0x0000000086500000| Untracked 
|  72|0x0000000086600000, 0x0000000086600000, 0x0000000086700000|  0%| F|  |TAMS 0x0000000086600000, 0x0000000086600000| Untracked 
|  73|0x0000000086700000, 0x0000000086700000, 0x0000000086800000|  0%| F|  |TAMS 0x0000000086700000, 0x0000000086700000| Untracked 
|  74|0x0000000086800000, 0x0000000086800000, 0x0000000086900000|  0%| F|  |TAMS 0x0000000086800000, 0x0000000086800000| Untracked 
|  75|0x0000000086900000, 0x0000000086900000, 0x0000000086a00000|  0%| F|  |TAMS 0x0000000086900000, 0x0000000086900000| Untracked 
|  76|0x0000000086a00000, 0x0000000086a00000, 0x0000000086b00000|  0%| F|  |TAMS 0x0000000086a00000, 0x0000000086a00000| Untracked 
|  77|0x0000000086b00000, 0x0000000086b00000, 0x0000000086c00000|  0%| F|  |TAMS 0x0000000086b00000, 0x0000000086b00000| Untracked 
|  78|0x0000000086c00000, 0x0000000086c00000, 0x0000000086d00000|  0%| F|  |TAMS 0x0000000086c00000, 0x0000000086c00000| Untracked 
|  79|0x0000000086d00000, 0x0000000086d00000, 0x0000000086e00000|  0%| F|  |TAMS 0x0000000086d00000, 0x0000000086d00000| Untracked 
|  80|0x0000000086e00000, 0x0000000086e00000, 0x0000000086f00000|  0%| F|  |TAMS 0x0000000086e00000, 0x0000000086e00000| Untracked 
|  81|0x0000000086f00000, 0x0000000086f00000, 0x0000000087000000|  0%| F|  |TAMS 0x0000000086f00000, 0x0000000086f00000| Untracked 
|  82|0x0000000087000000, 0x0000000087000000, 0x0000000087100000|  0%| F|  |TAMS 0x0000000087000000, 0x0000000087000000| Untracked 
|  83|0x0000000087100000, 0x0000000087100000, 0x0000000087200000|  0%| F|  |TAMS 0x0000000087100000, 0x0000000087100000| Untracked 
|  84|0x0000000087200000, 0x0000000087200000, 0x0000000087300000|  0%| F|  |TAMS 0x0000000087200000, 0x0000000087200000| Untracked 
|  85|0x0000000087300000, 0x0000000087300000, 0x0000000087400000|  0%| F|  |TAMS 0x0000000087300000, 0x0000000087300000| Untracked 
|  86|0x0000000087400000, 0x0000000087400000, 0x0000000087500000|  0%| F|  |TAMS 0x0000000087400000, 0x0000000087400000| Untracked 
|  87|0x0000000087500000, 0x0000000087500000, 0x0000000087600000|  0%| F|  |TAMS 0x0000000087500000, 0x0000000087500000| Untracked 
|  88|0x0000000087600000, 0x0000000087600000, 0x0000000087700000|  0%| F|  |TAMS 0x0000000087600000, 0x0000000087600000| Untracked 
|  89|0x0000000087700000, 0x0000000087700000, 0x0000000087800000|  0%| F|  |TAMS 0x0000000087700000, 0x0000000087700000| Untracked 
|  90|0x0000000087800000, 0x0000000087800000, 0x0000000087900000|  0%| F|  |TAMS 0x0000000087800000, 0x0000000087800000| Untracked 
|  91|0x0000000087900000, 0x0000000087900000, 0x0000000087a00000|  0%| F|  |TAMS 0x0000000087900000, 0x0000000087900000| Untracked 
|  92|0x0000000087a00000, 0x0000000087a00000, 0x0000000087b00000|  0%| F|  |TAMS 0x0000000087a00000, 0x0000000087a00000| Untracked 
|  93|0x0000000087b00000, 0x0000000087b00000, 0x0000000087c00000|  0%| F|  |TAMS 0x0000000087b00000, 0x0000000087b00000| Untracked 
|  94|0x0000000087c00000, 0x0000000087c00000, 0x0000000087d00000|  0%| F|  |TAMS 0x0000000087c00000, 0x0000000087c00000| Untracked 
|  95|0x0000000087d00000, 0x0000000087d00000, 0x0000000087e00000|  0%| F|  |TAMS 0x0000000087d00000, 0x0000000087d00000| Untracked 
|  96|0x0000000087e00000, 0x0000000087e00000, 0x0000000087f00000|  0%| F|  |TAMS 0x0000000087e00000, 0x0000000087e00000| Untracked 
|  97|0x0000000087f00000, 0x0000000087f00000, 0x0000000088000000|  0%| F|  |TAMS 0x0000000087f00000, 0x0000000087f00000| Untracked 
|  98|0x0000000088000000, 0x0000000088000000, 0x0000000088100000|  0%| F|  |TAMS 0x0000000088000000, 0x0000000088000000| Untracked 
|  99|0x0000000088100000, 0x0000000088100000, 0x0000000088200000|  0%| F|  |TAMS 0x0000000088100000, 0x0000000088100000| Untracked 
| 100|0x0000000088200000, 0x0000000088200000, 0x0000000088300000|  0%| F|  |TAMS 0x0000000088200000, 0x0000000088200000| Untracked 
| 101|0x0000000088300000, 0x0000000088300000, 0x0000000088400000|  0%| F|  |TAMS 0x0000000088300000, 0x0000000088300000| Untracked 
| 102|0x0000000088400000, 0x0000000088400000, 0x0000000088500000|  0%| F|  |TAMS 0x0000000088400000, 0x0000000088400000| Untracked 
| 103|0x0000000088500000, 0x0000000088500000, 0x0000000088600000|  0%| F|  |TAMS 0x0000000088500000, 0x0000000088500000| Untracked 
| 104|0x0000000088600000, 0x0000000088600000, 0x0000000088700000|  0%| F|  |TAMS 0x0000000088600000, 0x0000000088600000| Untracked 
| 105|0x0000000088700000, 0x0000000088700000, 0x0000000088800000|  0%| F|  |TAMS 0x0000000088700000, 0x0000000088700000| Untracked 
| 106|0x0000000088800000, 0x0000000088800000, 0x0000000088900000|  0%| F|  |TAMS 0x0000000088800000, 0x0000000088800000| Untracked 
| 107|0x0000000088900000, 0x0000000088900000, 0x0000000088a00000|  0%| F|  |TAMS 0x0000000088900000, 0x0000000088900000| Untracked 
| 108|0x0000000088a00000, 0x0000000088a00000, 0x0000000088b00000|  0%| F|  |TAMS 0x0000000088a00000, 0x0000000088a00000| Untracked 
| 109|0x0000000088b00000, 0x0000000088b00000, 0x0000000088c00000|  0%| F|  |TAMS 0x0000000088b00000, 0x0000000088b00000| Untracked 
| 110|0x0000000088c00000, 0x0000000088c00000, 0x0000000088d00000|  0%| F|  |TAMS 0x0000000088c00000, 0x0000000088c00000| Untracked 
| 111|0x0000000088d00000, 0x0000000088d00000, 0x0000000088e00000|  0%| F|  |TAMS 0x0000000088d00000, 0x0000000088d00000| Untracked 
| 112|0x0000000088e00000, 0x0000000088e00000, 0x0000000088f00000|  0%| F|  |TAMS 0x0000000088e00000, 0x0000000088e00000| Untracked 
| 113|0x0000000088f00000, 0x0000000088f32b38, 0x0000000089000000| 19%| S|  |TAMS 0x0000000088f00000, 0x0000000088f00000| Complete 
| 114|0x0000000089000000, 0x0000000089100000, 0x0000000089100000|100%| E|CS|TAMS 0x0000000089000000, 0x0000000089000000| Complete 
| 115|0x0000000089100000, 0x0000000089200000, 0x0000000089200000|100%| E|CS|TAMS 0x0000000089100000, 0x0000000089100000| Complete 
| 116|0x0000000089200000, 0x0000000089300000, 0x0000000089300000|100%| E|CS|TAMS 0x0000000089200000, 0x0000000089200000| Complete 
| 117|0x0000000089300000, 0x0000000089400000, 0x0000000089400000|100%| E|CS|TAMS 0x0000000089300000, 0x0000000089300000| Complete 
| 118|0x0000000089400000, 0x0000000089500000, 0x0000000089500000|100%| E|CS|TAMS 0x0000000089400000, 0x0000000089400000| Complete 
| 119|0x0000000089500000, 0x0000000089600000, 0x0000000089600000|100%| E|CS|TAMS 0x0000000089500000, 0x0000000089500000| Complete 
| 120|0x0000000089600000, 0x0000000089700000, 0x0000000089700000|100%| E|CS|TAMS 0x0000000089600000, 0x0000000089600000| Complete 
| 121|0x0000000089700000, 0x0000000089800000, 0x0000000089800000|100%| E|CS|TAMS 0x0000000089700000, 0x0000000089700000| Complete 
| 122|0x0000000089800000, 0x0000000089900000, 0x0000000089900000|100%| E|CS|TAMS 0x0000000089800000, 0x0000000089800000| Complete 
| 123|0x0000000089900000, 0x0000000089a00000, 0x0000000089a00000|100%| E|CS|TAMS 0x0000000089900000, 0x0000000089900000| Complete 
| 124|0x0000000089a00000, 0x0000000089b00000, 0x0000000089b00000|100%| E|CS|TAMS 0x0000000089a00000, 0x0000000089a00000| Complete 
| 125|0x0000000089b00000, 0x0000000089c00000, 0x0000000089c00000|100%| E|CS|TAMS 0x0000000089b00000, 0x0000000089b00000| Complete 
| 126|0x0000000089c00000, 0x0000000089d00000, 0x0000000089d00000|100%| E|CS|TAMS 0x0000000089c00000, 0x0000000089c00000| Complete 
| 127|0x0000000089d00000, 0x0000000089e00000, 0x0000000089e00000|100%| E|CS|TAMS 0x0000000089d00000, 0x0000000089d00000| Complete 

Card table byte_map: [0x000002a744cb0000,0x000002a7450b0000] _byte_map_base: 0x000002a7448a1000

Marking Bits (Prev, Next): (CMBitMap*) 0x000002a72cab3228, (CMBitMap*) 0x000002a72cab3268
 Prev Bits: [0x000002a7454b0000, 0x000002a747438000)
 Next Bits: [0x000002a747440000, 0x000002a7493c8000)

Polling page: 0x000002a72b170000

Metaspace:

Usage:
  Non-class:      4.74 MB capacity,     2.97 MB ( 63%) used,     1.76 MB ( 37%) free+waste,     3.13 KB ( <1%) overhead. 
      Class:    475.00 KB capacity,   292.72 KB ( 62%) used,   180.66 KB ( 38%) free+waste,     1.63 KB ( <1%) overhead. 
       Both:      5.20 MB capacity,     3.25 MB ( 63%) used,     1.94 MB ( 37%) free+waste,     4.75 KB ( <1%) overhead. 

Virtual space:
  Non-class space:        8.00 MB reserved,       4.75 MB ( 59%) committed 
      Class space:        1.00 GB reserved,     512.00 KB ( <1%) committed 
             Both:        1.01 GB reserved,       5.25 MB ( <1%) committed 

Chunk freelists:
   Non-Class:  14.00 KB
       Class:  5.00 KB
        Both:  19.00 KB

MaxMetaspaceSize: 17179869184.00 GB
CompressedClassSpaceSize: 1.00 GB

CodeHeap 'non-profiled nmethods': size=120000Kb used=209Kb max_used=213Kb free=119790Kb
 bounds [0x000002a73cd60000, 0x000002a73cfd0000, 0x000002a744290000]
CodeHeap 'profiled nmethods': size=120000Kb used=823Kb max_used=863Kb free=119176Kb
 bounds [0x000002a735830000, 0x000002a735aa0000, 0x000002a73cd60000]
CodeHeap 'non-nmethods': size=5760Kb used=1212Kb max_used=1230Kb free=4547Kb
 bounds [0x000002a735290000, 0x000002a735500000, 0x000002a735830000]
 total_blobs=1424 nmethods=518 adapters=281
 compilation: enabled
              stopped_count=0, restarted_count=0
 full_count=0

Compilation events (20 events):
Event: 71966.444 Thread 0x000002a74c251000  588       1       java.security.CodeSource::getLocation (5 bytes)
Event: 71966.445 Thread 0x000002a74c251000 nmethod 588 0x000002a73cd6e010 code [0x000002a73cd6e1a0, 0x000002a73cd6e2d8]
Event: 72115.258 Thread 0x000002a74c251000  589       3       org.eclipse.jdt.launching.internal.org.objectweb.asm.ByteVector::putInt (74 bytes)
Event: 72115.261 Thread 0x000002a74c251000 nmethod 589 0x000002a735838f10 code [0x000002a7358390c0, 0x000002a7358393b0]
Event: 72155.540 Thread 0x000002a74c251000  590       3       org.eclipse.jdt.launching.internal.org.objectweb.asm.MethodVisitor::<init> (7 bytes)
Event: 72155.540 Thread 0x000002a74c251000 nmethod 590 0x000002a735835c90 code [0x000002a735835e40, 0x000002a735836010]
Event: 72155.541 Thread 0x000002a74c251000  591       3       org.eclipse.jdt.launching.internal.org.objectweb.asm.MethodWriter::canCopyMethodAttributes (163 bytes)
Event: 72155.542 Thread 0x000002a74c251000 nmethod 591 0x000002a735830010 code [0x000002a735830200, 0x000002a7358309b8]
Event: 72155.543 Thread 0x000002a74c251000  592       3       org.eclipse.jdt.launching.internal.org.objectweb.asm.MethodWriter::computeMethodInfoSize (571 bytes)
Event: 72155.585 Thread 0x000002a74c251000 nmethod 592 0x000002a7358c4c10 code [0x000002a7358c4f40, 0x000002a7358c5ea0]
Event: 72155.585 Thread 0x000002a74c251000  594       3       org.eclipse.jdt.launching.internal.org.objectweb.asm.MethodWriter::putMethodInfo (1274 bytes)
Event: 72155.606 Thread 0x000002a74c251000 nmethod 594 0x000002a735910310 code [0x000002a7359109e0, 0x000002a735913220]
Event: 72155.607 Thread 0x000002a74c251000  593       3       org.eclipse.jdt.launching.internal.org.objectweb.asm.MethodWriter::hasFrames (13 bytes)
Event: 72155.607 Thread 0x000002a74c251000 nmethod 593 0x000002a73585ad90 code [0x000002a73585af40, 0x000002a73585b118]
Event: 72366.018 Thread 0x000002a74c251000  595       3       org.eclipse.jdt.launching.internal.org.objectweb.asm.MethodWriter::<init> (232 bytes)
Event: 72366.020 Thread 0x000002a74c251000 nmethod 595 0x000002a7358b9a10 code [0x000002a7358b9ca0, 0x000002a7358baa10]
Event: 72681.491 Thread 0x000002a74c244800  596       4       org.eclipse.jdt.launching.internal.org.objectweb.asm.ClassReader::readInt (52 bytes)
Event: 72681.495 Thread 0x000002a74c244800 nmethod 596 0x000002a73cd95390 code [0x000002a73cd95520, 0x000002a73cd95658]
Event: 84009.492 Thread 0x000002a74c244800  597       4       org.eclipse.jdt.launching.internal.org.objectweb.asm.ClassReader::readClass (7 bytes)
Event: 84009.507 Thread 0x000002a74c244800 nmethod 597 0x000002a73cd91f10 code [0x000002a73cd920c0, 0x000002a73cd92648]

GC Heap History (1 events):
Event: 84019.719 GC heap before
{Heap before GC invocations=0 (full 0):
 garbage-first heap   total 131072K, used 13312K [0x0000000081e00000, 0x0000000100000000)
  region size 1024K, 14 young (14336K), 0 survivors (0K)
 Metaspace       used 3332K, capacity 5325K, committed 5376K, reserved 1056768K
  class space    used 292K, capacity 475K, committed 512K, reserved 1048576K
}

Deoptimization events (20 events):
Event: 0.657 Thread 0x000002a72ca70000 DEOPT PACKING pc=0x000002a7358c5ba1 sp=0x000000f6246f8720
Event: 0.657 Thread 0x000002a72ca70000 DEOPT UNPACKING pc=0x000002a7352d964e sp=0x000000f6246f7be8 mode 0
Event: 0.657 Thread 0x000002a72ca70000 DEOPT PACKING pc=0x000002a7358c5ba1 sp=0x000000f6246f8720
Event: 0.657 Thread 0x000002a72ca70000 DEOPT UNPACKING pc=0x000002a7352d964e sp=0x000000f6246f7be8 mode 0
Event: 0.660 Thread 0x000002a72ca70000 DEOPT PACKING pc=0x000002a7358c5ba1 sp=0x000000f6246f8720
Event: 0.660 Thread 0x000002a72ca70000 DEOPT UNPACKING pc=0x000002a7352d964e sp=0x000000f6246f7be8 mode 0
Event: 0.671 Thread 0x000002a72ca70000 Uncommon trap: trap_request=0xffffff45 fr.pc=0x000002a73cd68660 relative=0x0000000000000240
Event: 0.671 Thread 0x000002a72ca70000 Uncommon trap: reason=unstable_if action=reinterpret pc=0x000002a73cd68660 method=java.lang.String.isLatin1()Z @ 10 c2
Event: 0.671 Thread 0x000002a72ca70000 DEOPT PACKING pc=0x000002a73cd68660 sp=0x000000f6246fc9e0
Event: 0.671 Thread 0x000002a72ca70000 DEOPT UNPACKING pc=0x000002a7352d912f sp=0x000000f6246fc918 mode 2
Event: 0.685 Thread 0x000002a72ca70000 DEOPT PACKING pc=0x000002a7358a5f73 sp=0x000000f6246f9db0
Event: 0.685 Thread 0x000002a72ca70000 DEOPT UNPACKING pc=0x000002a7352d964e sp=0x000000f6246f9210 mode 0
Event: 762.978 Thread 0x000002a74c44a800 Uncommon trap: trap_request=0xffffff45 fr.pc=0x000002a73cd8fca0 relative=0x0000000000000760
Event: 762.978 Thread 0x000002a74c44a800 Uncommon trap: reason=unstable_if action=reinterpret pc=0x000002a73cd8fca0 method=org.eclipse.jdt.launching.internal.org.objectweb.asm.ClassReader.readUtf(II[C)Ljava/lang/String; @ 41 c2
Event: 762.978 Thread 0x000002a74c44a800 DEOPT PACKING pc=0x000002a73cd8fca0 sp=0x000000f6255fde10
Event: 762.978 Thread 0x000002a74c44a800 DEOPT UNPACKING pc=0x000002a7352d912f sp=0x000000f6255fddf8 mode 2
Event: 35311.442 Thread 0x000002a74c44a800 Uncommon trap: trap_request=0xffffff45 fr.pc=0x000002a73cd91cb0 relative=0x0000000000000e50
Event: 35311.442 Thread 0x000002a74c44a800 Uncommon trap: reason=unstable_if action=reinterpret pc=0x000002a73cd91cb0 method=java.lang.String.<init>([CIILjava/lang/Void;)V @ 5 c2
Event: 35311.443 Thread 0x000002a74c44a800 DEOPT PACKING pc=0x000002a73cd91cb0 sp=0x000000f6255fdeb0
Event: 35311.443 Thread 0x000002a74c44a800 DEOPT UNPACKING pc=0x000002a7352d912f sp=0x000000f6255fdd30 mode 2

Classes unloaded (0 events):
No events

Classes redefined (20 events):
Event: 2924.237 Thread 0x000002a74c220800 redefined class name=org.workflowsim.examples.WorkflowSimBasicExample1, count=1
Event: 2964.065 Thread 0x000002a74c220800 redefined class name=NSGA3.NSGA3planningAlgorithmExample, count=7
Event: 3320.565 Thread 0x000002a74c220800 redefined class name=org.workflowsim.examples.WorkflowSimBasicExample1, count=2
Event: 3478.174 Thread 0x000002a74c220800 redefined class name=org.workflowsim.examples.WorkflowSimBasicExample1, count=3
Event: 3520.161 Thread 0x000002a74c220800 redefined class name=org.workflowsim.examples.WorkflowSimBasicExample1, count=4
Event: 3623.273 Thread 0x000002a74c220800 redefined class name=org.workflowsim.examples.WorkflowSimBasicExample1, count=5
Event: 34953.458 Thread 0x000002a74c220800 redefined class name=NSGA3.NSGA3planningAlgorithmExample, count=12
Event: 35022.411 Thread 0x000002a74c220800 redefined class name=NSGA3.NSGA3planningAlgorithmExample, count=13
Event: 35311.460 Thread 0x000002a74c220800 redefined class name=NSGA3.NSGA3planningAlgorithmExample, count=14
Event: 35332.813 Thread 0x000002a74c220800 redefined class name=NSGA3.NSGA3planningAlgorithmExample, count=15
Event: 35455.334 Thread 0x000002a74c220800 redefined class name=NSGA3.NSGA3planningAlgorithmExample, count=16
Event: 35455.334 Thread 0x000002a74c220800 redefined class name=org.workflowsim.examples.WorkflowSimBasicExample1, count=6
Event: 35614.303 Thread 0x000002a74c220800 redefined class name=NSGA3.NSGA3planningAlgorithmExample, count=18
Event: 35831.296 Thread 0x000002a74c220800 redefined class name=NSGA3.NSGA3planningAlgorithmExample, count=19
Event: 41869.722 Thread 0x000002a74c220800 redefined class name=NSGA3.NSGA3planningAlgorithmExample, count=20
Event: 46149.784 Thread 0x000002a74c220800 redefined class name=NSGA3.NSGA3planningAlgorithmExample, count=21
Event: 46180.122 Thread 0x000002a74c220800 redefined class name=NSGA3.NSGA3planningAlgorithmExample, count=22
Event: 47568.985 Thread 0x000002a74c220800 redefined class name=NSGA3.NSGA3planningAlgorithmExample, count=23
Event: 47568.985 Thread 0x000002a74c220800 redefined class name=org.workflowsim.examples.WorkflowSimBasicExample1, count=7
Event: 57594.265 Thread 0x000002a74c220800 redefined class name=NSGA3.NSGA3planningAlgorithmExample, count=25

Internal exceptions (0 events):
No events

Events (20 events):
Event: 75532.330 Executing VM operation: GetOwnedMonitorInfo done
Event: 75532.331 Executing VM operation: GetCurrentContendedMonitor
Event: 75532.331 Executing VM operation: GetCurrentContendedMonitor done
Event: 76209.788 Executing VM operation: GetFrameCount
Event: 76209.788 Executing VM operation: GetFrameCount done
Event: 76209.789 Executing VM operation: GetOwnedMonitorInfo
Event: 76209.789 Executing VM operation: GetOwnedMonitorInfo done
Event: 76209.790 Executing VM operation: GetCurrentContendedMonitor
Event: 76209.790 Executing VM operation: GetCurrentContendedMonitor done
Event: 84009.506 Executing VM operation: HandshakeAllThreads
Event: 84009.507 Executing VM operation: HandshakeAllThreads done
Event: 84009.513 Thread 0x000002a74c262000 flushing nmethod 0x000002a7358ffd90
Event: 84009.513 Thread 0x000002a74c262000 flushing nmethod 0x000002a735906290
Event: 84009.517 Executing VM operation: GetFrameCount
Event: 84009.517 Executing VM operation: GetFrameCount done
Event: 84009.518 Executing VM operation: GetOwnedMonitorInfo
Event: 84009.518 Executing VM operation: GetOwnedMonitorInfo done
Event: 84009.518 Executing VM operation: GetCurrentContendedMonitor
Event: 84009.519 Executing VM operation: GetCurrentContendedMonitor done
Event: 84019.719 Executing VM operation: G1CollectForAllocation


Dynamic libraries:
0x00007ff7d9a40000 - 0x00007ff7d9a4f000 	C:\Program Files\Java\jdk-13.0.2\bin\javaw.exe
0x00007ff91fad0000 - 0x00007ff91fcc5000 	C:\WINDOWS\SYSTEM32\ntdll.dll
0x00007ff91f8c0000 - 0x00007ff91f97e000 	C:\WINDOWS\System32\KERNEL32.DLL
0x00007ff91d380000 - 0x00007ff91d648000 	C:\WINDOWS\System32\KERNELBASE.dll
0x00007ff91d820000 - 0x00007ff91d920000 	C:\WINDOWS\System32\ucrtbase.dll
0x00007ff908800000 - 0x00007ff908818000 	C:\Program Files\Java\jdk-13.0.2\bin\jli.dll
0x00007ff908b10000 - 0x00007ff908b25000 	C:\Program Files\Java\jdk-13.0.2\bin\VCRUNTIME140.dll
0x00007ff91dcc0000 - 0x00007ff91dd6e000 	C:\WINDOWS\System32\ADVAPI32.dll
0x00007ff91ef80000 - 0x00007ff91f01e000 	C:\WINDOWS\System32\msvcrt.dll
0x00007ff91e0d0000 - 0x00007ff91e16c000 	C:\WINDOWS\System32\sechost.dll
0x00007ff91f020000 - 0x00007ff91f145000 	C:\WINDOWS\System32\RPCRT4.dll
0x00007ff91e4e0000 - 0x00007ff91e680000 	C:\WINDOWS\System32\USER32.dll
0x00007ff91d320000 - 0x00007ff91d342000 	C:\WINDOWS\System32\win32u.dll
0x00007ff91e350000 - 0x00007ff91e37a000 	C:\WINDOWS\System32\GDI32.dll
0x00007ff91d650000 - 0x00007ff91d75b000 	C:\WINDOWS\System32\gdi32full.dll
0x00007ff91d1f0000 - 0x00007ff91d28d000 	C:\WINDOWS\System32\msvcp_win.dll
0x00007ff908c70000 - 0x00007ff908f0a000 	C:\WINDOWS\WinSxS\amd64_microsoft.windows.common-controls_6595b64144ccf1df_6.0.19041.1110_none_60b5254171f9507e\COMCTL32.dll
0x00007ff91cda0000 - 0x00007ff91cdaa000 	C:\WINDOWS\SYSTEM32\VERSION.dll
0x00007ff91e4b0000 - 0x00007ff91e4e0000 	C:\WINDOWS\System32\IMM32.DLL
0x0000000060ab0000 - 0x0000000060abc000 	D:\360\360Safe\safemon\SafeWrapper.dll
0x00007ff90b0f0000 - 0x00007ff90b182000 	D:\360\360Safe\safemon\libzdtp64.dll
0x00007ff91e750000 - 0x00007ff91ee94000 	C:\WINDOWS\System32\SHELL32.dll
0x00007ff91f6a0000 - 0x00007ff91f6f5000 	C:\WINDOWS\System32\SHLWAPI.dll
0x00007ff906080000 - 0x00007ff90611b000 	C:\Program Files\Java\jdk-13.0.2\bin\msvcp140.dll
0x00007ff8e2370000 - 0x00007ff8e2ecd000 	C:\Program Files\Java\jdk-13.0.2\bin\server\jvm.dll
0x00007ff91f8b0000 - 0x00007ff91f8b8000 	C:\WINDOWS\System32\PSAPI.DLL
0x00007ff914fa0000 - 0x00007ff914fa9000 	C:\WINDOWS\SYSTEM32\WSOCK32.dll
0x00007ff91e6e0000 - 0x00007ff91e74b000 	C:\WINDOWS\System32\WS2_32.dll
0x00007ff915900000 - 0x00007ff915927000 	C:\WINDOWS\SYSTEM32\WINMM.dll
0x00007ff91ba30000 - 0x00007ff91ba42000 	C:\WINDOWS\SYSTEM32\kernel.appcore.dll
0x00007ff918aa0000 - 0x00007ff918ab0000 	C:\Program Files\Java\jdk-13.0.2\bin\verify.dll
0x00007ff912340000 - 0x00007ff912524000 	C:\WINDOWS\SYSTEM32\DBGHELP.DLL
0x00007ff903020000 - 0x00007ff90304c000 	C:\WINDOWS\SYSTEM32\dbgcore.DLL
0x00007ff91d290000 - 0x00007ff91d312000 	C:\WINDOWS\System32\bcryptPrimitives.dll
0x00007ff90acb0000 - 0x00007ff90acd6000 	C:\Program Files\Java\jdk-13.0.2\bin\java.dll
0x00007ff908770000 - 0x00007ff9087a8000 	C:\Program Files\Java\jdk-13.0.2\bin\jdwp.dll
0x00007ff9087f0000 - 0x00007ff9087fe000 	C:\Program Files\Java\jdk-13.0.2\bin\instrument.dll
0x00007ff912c80000 - 0x00007ff912c97000 	C:\Program Files\Java\jdk-13.0.2\bin\zip.dll
0x00007ff916b90000 - 0x00007ff916b9a000 	C:\Program Files\Java\jdk-13.0.2\bin\jimage.dll
0x00007ff91b070000 - 0x00007ff91b804000 	C:\WINDOWS\SYSTEM32\windows.storage.dll
0x00007ff91dd70000 - 0x00007ff91e0c4000 	C:\WINDOWS\System32\combase.dll
0x00007ff91cbf0000 - 0x00007ff91cc1c000 	C:\WINDOWS\SYSTEM32\Wldp.dll
0x00007ff91f980000 - 0x00007ff91fa2d000 	C:\WINDOWS\System32\SHCORE.dll
0x00007ff91d130000 - 0x00007ff91d14f000 	C:\WINDOWS\SYSTEM32\profapi.dll
0x00007ff9087e0000 - 0x00007ff9087eb000 	C:\Program Files\Java\jdk-13.0.2\bin\dt_socket.dll
0x00007ff91c8e0000 - 0x00007ff91c94a000 	C:\WINDOWS\system32\mswsock.dll
0x00007ff91c610000 - 0x00007ff91c6db000 	C:\WINDOWS\SYSTEM32\DNSAPI.dll
0x00007ff91c5d0000 - 0x00007ff91c60b000 	C:\WINDOWS\SYSTEM32\IPHLPAPI.DLL
0x00007ff91e4a0000 - 0x00007ff91e4a8000 	C:\WINDOWS\System32\NSI.dll
0x00007ff90bb60000 - 0x00007ff90bb6a000 	C:\Windows\System32\rasadhlp.dll
0x00007ff90bb80000 - 0x00007ff90bbff000 	C:\WINDOWS\System32\fwpuclnt.dll
0x00007ff91d350000 - 0x00007ff91d377000 	C:\WINDOWS\System32\bcrypt.dll
0x00007ff9056e0000 - 0x00007ff9056f9000 	C:\Program Files\Java\jdk-13.0.2\bin\net.dll
0x00007ff90bdc0000 - 0x00007ff90beca000 	C:\WINDOWS\SYSTEM32\WINHTTP.dll
0x00007ff904f60000 - 0x00007ff904f73000 	C:\Program Files\Java\jdk-13.0.2\bin\nio.dll

dbghelp: loaded successfully - version: 4.0.5 - missing functions: none
symbol engine: initialized successfully - sym options: 0x614 - pdb path: .;C:\Program Files\Java\jdk-13.0.2\bin;C:\WINDOWS\SYSTEM32;C:\WINDOWS\WinSxS\amd64_microsoft.windows.common-controls_6595b64144ccf1df_6.0.19041.1110_none_60b5254171f9507e;D:\360\360Safe\safemon;C:\Program Files\Java\jdk-13.0.2\bin\server

VM Arguments:
jvm_args: -agentlib:jdwp=transport=dt_socket,suspend=y,address=localhost:52847 -javaagent:D:\eclipseNew\eclipse\configuration\org.eclipse.osgi\225\0\.cp\lib\javaagent-shaded.jar -Dfile.encoding=UTF-8 
java_command: NSGA3.NSGA3planningAlgorithmExample
java_class_path (initial): G:\eclipseWorksapce\workflowsim-ACO\WorkflowSim-ACO(ok)\WorkflowSim-1.0-master\bin;G:\eclipseWorksapce\workflowsim-ACO\WorkflowSim-ACO(ok)\WorkflowSim-1.0-master\lib\commons-math3-3.2-sources.jar;G:\eclipseWorksapce\workflowsim-ACO\WorkflowSim-ACO(ok)\WorkflowSim-1.0-master\lib\commons-math3-3.2.jar;G:\eclipseWorksapce\workflowsim-ACO\WorkflowSim-ACO(ok)\WorkflowSim-1.0-master\lib\flanagan.jar;G:\eclipseWorksapce\workflowsim-ACO\WorkflowSim-ACO(ok)\WorkflowSim-1.0-master\lib\jdom-2.0.0.jar;G:\eclipseWorksapce\jMetal_new\jmetal-algorithm\target\classes;G:\eclipseWorksapce\jMetal_new\jmetal-core\target\classes;C:\Users\jiangnanyese17\.m2\repository\org\junit\vintage\junit-vintage-engine\5.7.0\junit-vintage-engine-5.7.0.jar;C:\Users\jiangnanyese17\.m2\repository\org\apiguardian\apiguardian-api\1.1.0\apiguardian-api-1.1.0.jar;C:\Users\jiangnanyese17\.m2\repository\org\junit\platform\junit-platform-engine\1.7.0\junit-platform-engine-1.7.0.jar;C:\Users\jiangnanyese17\.m2\repository\org\opentest4j\opentest4j\1.2.0\opentest4j-1.2.0.jar;C:\Users\jiangnanyese17\.m2\repository\org\junit\platform\junit-platform-commons\1.7.0\junit-platform-commons-1.7.0.jar;C:\Users\jiangnanyese17\.m2\repository\junit\junit\4.13.1\junit-4.13.1.jar;C:\Users\jiangnanyese17\.m2\repository\org\hamcrest\hamcrest-core\1.3\hamcrest-core-1.3.jar;C:\Users\jiangnanyese17\.m2\repository\org\junit\jupiter\junit-jupiter-engine\5.7.0\junit-jupiter-engine-5.7.0.jar;C:\Users\jiangnanyese17\.m2\repository\org\junit\jupiter\junit-jupiter-api\5.7.0\junit-jupiter-api-5.7.0.jar;C:\Users\jiangnanyese17\.m2\repository\org\apache\maven\reporting\maven-reporting-api\3.0\maven-reporting-api-3.0.jar;C:\Users\jiangnanyese17\.m2\repository\org\apache\maven\doxia\doxia-sink-api\1.0\doxia-sink-api-1.0.jar;C:\Users\jiangnanyese17\.m2\repository\org\apache\commons\commons-lang3\3.9\commons-lang3-3.9.jar;C:\Users\jiangnanyese17\.m2\repository\org\apache\commons\commons-collections4\4.4\commons-colle
Launcher Type: SUN_STANDARD

[Global flags]
     intx CICompilerCount                          = 3                                         {product} {ergonomic}
     uint ConcGCThreads                            = 1                                         {product} {ergonomic}
     uint G1ConcRefinementThreads                  = 4                                         {product} {ergonomic}
   size_t G1HeapRegionSize                         = 1048576                                   {product} {ergonomic}
    uintx GCDrainStackTargetSize                   = 64                                        {product} {ergonomic}
   size_t InitialHeapSize                          = 134217728                                 {product} {ergonomic}
   size_t MarkStackSize                            = 4194304                                   {product} {ergonomic}
   size_t MaxHeapSize                              = 2116026368                                {product} {ergonomic}
   size_t MaxNewSize                               = 1268776960                                {product} {ergonomic}
   size_t MinHeapDeltaBytes                        = 1048576                                   {product} {ergonomic}
   size_t MinHeapSize                              = 8388608                                   {product} {ergonomic}
    uintx NonNMethodCodeHeapSize                   = 5832780                                {pd product} {ergonomic}
    uintx NonProfiledCodeHeapSize                  = 122912730                              {pd product} {ergonomic}
    uintx ProfiledCodeHeapSize                     = 122912730                              {pd product} {ergonomic}
    uintx ReservedCodeCacheSize                    = 251658240                              {pd product} {ergonomic}
     bool SegmentedCodeCache                       = true                                      {product} {ergonomic}
   size_t SoftMaxHeapSize                          = 2116026368                             {manageable} {ergonomic}
     bool UseCompressedClassPointers               = true                                 {lp64_product} {ergonomic}
     bool UseCompressedOops                        = true                                 {lp64_product} {ergonomic}
     bool UseG1GC                                  = true                                      {product} {ergonomic}
     bool UseLargePagesIndividualAllocation        = false                                  {pd product} {ergonomic}

Logging:
Log output configuration:
 #0: stdout all=warning uptime,level,tags
 #1: stderr all=off uptime,level,tags

Environment Variables:
JAVA_HOME=C:\Program Files\Java\jdk-13.0.2
CLASSPATH=.;C:\Program Files\Java\jdk-13.0.2\lib\dt.jar;C:\Program Files\Java\jdk-13.0.2\lib\tools.jar
PATH=C:/Program Files/Java/jdk-13.0.2/bin/server;C:/Program Files/Java/jdk-13.0.2/bin;C:\Program Files\Java\jdk-13.0.2\bin;C:\Program Files\Java\jdk-13.0.2\jre\bin;D:\mingw64\bin";C:\Program Files\Java\jre1.8.0_131\bin;C:\Program Files\Java\jdk1.8.0_131\bin;C:\ProgramData\Oracle\Java\javapath;C:\WINDOWS\system32;C:\WINDOWS;C:\WINDOWS\System32\Wbem;C:\WINDOWS\System32\WindowsPowerShell\v1.0\ C:\Program Files\Java\jdk-13.0.2\bin;C:\Program Files\Java\jdk-13.0.2\jre\bin;C:\Program Files\MySQL\MySQL Server 5.7\bin;C:\WINDOWS\system32\config\systemprofile\.dnx\bin;C:\Program Files\Microsoft DNX\Dnvm\;C:\Program Files (x86)\Windows Kits\8.1\Windows Performance Toolkit\;C:\Program Files\Microsoft SQL Server\130\Tools\Binn\;C:\Program Files\Git\cmd;C:\vs2015\VC\bin;C:\vs2015\Common7\IDE;C:\vs2015\Common7\Tools;F:\apache-tomcat-7.0.79-windows-x64\apache-tomcat-7.0.79\bin;F:\apache-tomcat-7.0.79-windows-x64\apache-tomcat-7.0.79\lib;D:\Python\Scripts\;D:\Python\;D:\Python2\;D:\Python2\Scripts\;D:\nodejs\;C:\WINDOWS\System32\WindowsPowerShell\v1.0\;C:\WINDOWS\System32\OpenSSH\;D:\latex\CTEX\CTeX;D:\latex\CTEX\CTeX\Packages\ctex\bin;D:\latex\CTEX\CTeX\Packages\cct\bin;D:\latex\CTEX\CTeX\Packages\ty\bin;D:\anaconda3;D:\anaconda3\Library\bin;D:\anaconda3\Scripts;D:\anaconda3\Library\mingw-w64\bin;G:\apache-maven-3.2.5-bin\apache-maven-3.2.5\bin;D:\matlab21\bin;"C:\Program Files\Java\jdk-13.0.2\bin;";D:\mingw64\bin;C:\WINDOWS\system32;C:\WINDOWS;C:\WINDOWS\System32\Wbem;C:\WINDOWS\System32\WindowsPowerShell\v1.0\ C:\Program Files\Java\jdk1.8.0_131\bin;C:\Program Files\MySQL\MySQL Server 5.7\bin;C:\Users\jiangnanyese17\.dnx\bin;C:\Program Files\Microsoft DNX\Dnvm\;C:\Program Files (x86)\Windows Kits\8.1\Windows Performance Toolkit\;C:\Program Files\Microsoft SQL Server\130\Tools\Binn\;C:\Program Files\Git\cmd;C:\vs2015\VC\bin;C:\vs2015\Common7\IDE;C:\vs2015\Common7\Tools;F:\apache-tomcat-7.0.79-windows-x64\apache-tomcat-7.0.79\bin;F:\apache-tomcat-7.0.79-windows-x64\apache-tomcat-7.0.7
USERNAME=jiangnanyese17
OS=Windows_NT
PROCESSOR_IDENTIFIER=Intel64 Family 6 Model 78 Stepping 3, GenuineIntel



---------------  S Y S T E M  ---------------

OS: Windows 10 , 64 bit Build 19041 (10.0.19041.1645)

CPU:total 4 (initial active 4) (2 cores per cpu, 2 threads per core) family 6 model 78 stepping 3, cmov, cx8, fxsr, mmx, sse, sse2, sse3, ssse3, sse4.1, sse4.2, popcnt, avx, avx2, aes, clmul, erms, 3dnowpref, lzcnt, ht, tsc, tscinvbit, bmi1, bmi2, adx, fma

Memory: 4k page, system-wide physical 8065M (2328M free)
TotalPageFile size 16257M (AvailPageFile size 7553M)
current process WorkingSet (physical memory assigned to process): 23M, peak: 52M
current process commit charge ("private bytes"): 210M, peak: 213M

vm_info: Java HotSpot(TM) 64-Bit Server VM (13.0.2+8) for windows-amd64 JRE (13.0.2+8), built on Dec 11 2019 09:20:33 by "mach5one" with unknown MS VC++:1916

END.
